[11:25:31] INFO    Log: /Volumes/ehuseyin/01-compute/RTI-FLOW/04-logs/knowledge-graph/2026-05-14_11-25-31_Rupe_Magna.log
[11:25:31] INFO    Dataset: /Volumes/ehuseyin/01-compute/RTI-FLOW/02-datasets/Rupe Magna
[11:25:31] INFO    Site:    Rupe Magna
[11:25:31] INFO    Mode:    full
[11:25:31] INFO    === Step 1 — Writing metadata ===
[11:26:18] INFO    Metadata written: F01/RTI-03  (48 files)
[11:27:22] INFO    Metadata written: F01/RTI-05  (48 files)
[11:28:26] INFO    Metadata written: F01/RTI-07  (48 files)
[11:29:29] INFO    Metadata written: F01/RTI-08  (48 files)
[11:30:45] INFO    Metadata written: F01/RTI-09  (48 files)
[11:32:01] INFO    Metadata written: F01/RTI-10  (48 files)
[11:32:44] INFO    Metadata written: F02/RTI-12  (48 files)
[11:33:26] INFO    Metadata written: F03/RTI-15  (48 files)
[11:34:10] INFO    Metadata written: F03/RTI-16  (48 files)
[11:35:26] INFO    Metadata written: F03/RTI-17  (48 files)
[11:36:42] INFO    Metadata written: F03/RTI-18  (47 files)
[11:37:49] INFO    Metadata written: F04/RTI-20  (48 files)
[11:38:58] INFO    Metadata written: F04/RTI-21  (48 files)
[11:40:09] INFO    Metadata written: F04/RTI-22  (48 files)
[11:41:20] INFO    Metadata written: F04/RTI-23  (48 files)
[11:42:04] INFO    Metadata written: F05/RTI-24  (48 files)
[11:43:21] INFO    Metadata written: F06/RTI-26  (47 files)
[11:44:23] INFO    Metadata written: F07/RTI-28  (48 files)
[11:45:37] INFO    Metadata written: F08/RTI-33  (48 files)
[11:46:56] INFO    Metadata written: F09/RTI-34  (48 files)
[11:48:15] INFO    Metadata written: F09/RTI-35  (48 files)
[11:49:26] INFO    Metadata written: F10/RTI-37  (48 files)
[11:50:36] INFO    Metadata written: F10/RTI-38  (48 files)
[11:51:24] INFO    Metadata written: F11/RTI-40  (47 files)
[11:51:24] INFO    === Step 2 — Exporting EXIF ===
[11:55:29] INFO    EXIF export: 2973 records → /Volumes/ehuseyin/01-compute/RTI-FLOW/03-outputs/knowledge-graph/rupe-magna-exif.json
[11:55:29] INFO    === Step 3 — Section C ===
[11:55:34] INFO    Section C → /Volumes/ehuseyin/01-compute/RTI-FLOW/03-outputs/knowledge-graph/rupe-magna-section-c.ttl
[11:55:34] INFO    === Step 4 — Section D ===
[11:55:36] INFO    Section D → /Volumes/ehuseyin/01-compute/RTI-FLOW/03-outputs/knowledge-graph/rupe-magna-section-d.ttl
[11:55:36] INFO    === Step 5 — Merge ===
[11:55:38] INFO    Merge: 74842 triples → /Volumes/ehuseyin/01-compute/RTI-FLOW/03-outputs/knowledge-graph/rupe-magna-complete.ttl
[11:55:38] INFO    === Step 6 — Section E ===
[11:55:39] INFO    Section E: no RTI sidecar TTLs found — skipping
[11:55:39] INFO    === Pipeline complete ===
