[00:34:51] INFO    Log: /Users/huseyerd/Library/Mobile Documents/com~apple~CloudDocs/GitHub/semRTI/04-logs/rdf-plugin/2026-07-01_00-34-51_install.log
[00:34:51] INFO    Plugin files: OK
[00:34:51] INFO    Relight structure: OK
[00:34:51] INFO    git reset patched files: OK
[00:34:51] INFO    Copied: rdfexport.h
[00:34:51] INFO    Copied: rdfexport.cpp
[00:34:51] INFO    Copied: metadataframe.h
[00:34:51] INFO    Copied: metadataframe.cpp
[00:34:51] INFO    Patches: cmake=True mw_h=True mw_cpp=True rti_h=True rti_cpp=True
[00:34:51] INFO    Removed stale CMakeCache.txt
[00:34:51] INFO    Build dir: /Users/huseyerd/relight-commit-efe5aa/build
[00:34:52] DEBUG   -- The CXX compiler identification is AppleClang 21.0.0.21000101
[00:34:52] DEBUG   -- Detecting CXX compiler ABI info
[00:34:52] DEBUG   -- Detecting CXX compiler ABI info - done
[00:34:52] DEBUG   -- Check for working CXX compiler: /usr/bin/c++ - skipped
[00:34:52] DEBUG   -- Detecting CXX compile features
[00:34:52] DEBUG   -- Detecting CXX compile features - done
[00:34:52] DEBUG   -- CMAKE_MODULE_PATH=/Users/huseyerd/relight-commit-efe5aa/cmake
[00:34:52] DEBUG   -- Performing Test CMAKE_HAVE_LIBC_PTHREAD
[00:34:52] DEBUG   -- Performing Test CMAKE_HAVE_LIBC_PTHREAD - Success
[00:34:52] DEBUG   -- Found Threads: TRUE
[00:34:52] DEBUG   -- Performing Test HAVE_STDATOMIC
[00:34:52] DEBUG   -- Performing Test HAVE_STDATOMIC - Success
[00:34:52] DEBUG   -- Found WrapAtomic: TRUE
[00:34:53] DEBUG   -- Found OpenGL: /Library/Developer/CommandLineTools/SDKs/MacOSX.sdk/System/Library/Frameworks/OpenGL.framework
[00:34:53] DEBUG   -- Found WrapOpenGL: TRUE
[00:34:53] DEBUG   -- Could NOT find WrapVulkanHeaders (missing: Vulkan_INCLUDE_DIR)
[00:34:53] DEBUG   -- Using Qt6
[00:34:54] DEBUG   -- Using system Eigen3
[00:34:54] DEBUG   -- Found JPEG: /opt/homebrew/lib/libjpeg.dylib (found version "80")
[00:34:54] DEBUG   -- Using system JPEG
[00:34:54] DEBUG   -- Using system TIFF library
[00:34:54] DEBUG   -- Found ZLIB: /Library/Developer/CommandLineTools/SDKs/MacOSX.sdk/usr/lib/libz.tbd (found version "1.2.12")
[00:34:54] DEBUG   -- Found PNG: /opt/homebrew/lib/libpng.dylib (found version "1.6.58")
[00:34:54] DEBUG   -- Using PNG library: /opt/homebrew/lib/libpng.dylib;/Library/Developer/CommandLineTools/SDKs/MacOSX.sdk/usr/lib/libz.tbd
[00:34:54] DEBUG   -- Found LCMS2: /opt/homebrew/lib/liblcms2.dylib (found version "2190")
[00:34:54] DEBUG   -- Using LittleCMS2 include dirs: /opt/homebrew/include
[00:34:54] DEBUG   -- Relight Version: 2026.03
[00:34:54] DEBUG   -- The C compiler identification is AppleClang 21.0.0.21000101
[00:34:54] DEBUG   -- Detecting C compiler ABI info
[00:34:54] DEBUG   -- Detecting C compiler ABI info - done
[00:34:54] DEBUG   -- Check for working C compiler: /usr/bin/cc - skipped
[00:34:54] DEBUG   -- Detecting C compile features
[00:34:54] DEBUG   -- Detecting C compile features - done
[00:34:54] DEBUG   -- Found OpenMP_C: -Xclang -fopenmp (found version "5.1")
[00:34:54] DEBUG   -- Found OpenMP_CXX: -Xclang -fopenmp (found version "5.1")
[00:34:54] DEBUG   -- Found OpenMP: TRUE (found version "5.1")
[00:34:54] DEBUG   -- Configuring done (3.1s)
[00:34:55] DEBUG   -- Generating done (0.3s)
[00:34:55] DEBUG   -- Build files have been written to: /Users/huseyerd/relight-commit-efe5aa/build
[00:34:55] INFO    cmake: OK
[00:34:55] DEBUG   [  0%] Built target relightlab_autogen_timestamp_deps
[00:34:55] DEBUG   [  0%] Built target relight-merge_autogen_timestamp_deps
[00:34:55] DEBUG   [  0%] Built target relight-cli_autogen_timestamp_deps
[00:34:55] DEBUG   [  0%] Built target relight-deepzoom_autogen_timestamp_deps
[00:34:55] DEBUG   [  0%] Built target relight-normals_autogen_timestamp_deps
[00:34:55] DEBUG   [  0%] Automatic MOC for target relight-merge
[00:34:55] DEBUG   [  1%] Automatic MOC for target relight-deepzoom
[00:34:55] DEBUG   [  1%] Automatic MOC for target relight-normals
[00:34:55] DEBUG   [  1%] Automatic MOC for target relight-cli
[00:34:55] DEBUG   [  2%] Automatic MOC and UIC for target relightlab
[00:34:55] DEBUG   [  2%] Built target relight-merge_autogen
[00:34:55] DEBUG   [  2%] Built target relight-deepzoom_autogen
[00:34:55] DEBUG   [  3%] Automatic RCC for ../src/icc_profiles.qrc
[00:34:55] DEBUG   [  3%] Automatic RCC for ../src/icc_profiles.qrc
[00:34:55] DEBUG   [  4%] Building CXX object relight-deepzoom/CMakeFiles/relight-deepzoom.dir/relight-deepzoom_autogen/mocs_compilation.cpp.o
[00:34:55] DEBUG   [  5%] Building CXX object relight-deepzoom/CMakeFiles/relight-deepzoom.dir/__/src/jpeg_decoder.cpp.o
[00:34:55] DEBUG   [  5%] Building CXX object relight-deepzoom/CMakeFiles/relight-deepzoom.dir/main.cpp.o
[00:34:55] DEBUG   [  5%] Building CXX object relight-deepzoom/CMakeFiles/relight-deepzoom.dir/__/src/deepzoom.cpp.o
[00:34:55] DEBUG   [  5%] Building CXX object relight-deepzoom/CMakeFiles/relight-deepzoom.dir/__/src/image_decoder.cpp.o
[00:34:55] DEBUG   [  5%] Building CXX object relight-merge/CMakeFiles/relight-merge.dir/relight-merge_autogen/mocs_compilation.cpp.o
[00:34:55] DEBUG   [  5%] Building CXX object relight-merge/CMakeFiles/relight-merge.dir/main.cpp.o
[00:34:56] DEBUG   [  5%] Built target relight-normals_autogen
[00:34:56] DEBUG   [  6%] Building CXX object relight-deepzoom/CMakeFiles/relight-deepzoom.dir/__/src/tiff_decoder.cpp.o
[00:34:56] DEBUG   [  6%] Built target relight-cli_autogen
[00:34:56] DEBUG   [  7%] Building CXX object relight-merge/CMakeFiles/relight-merge.dir/__/src/getopt.cpp.o
[00:34:56] DEBUG   [  7%] Building CXX object relight-merge/CMakeFiles/relight-merge.dir/__/src/rti.cpp.o
[00:34:57] DEBUG   [  7%] Building CXX object relight-deepzoom/CMakeFiles/relight-deepzoom.dir/__/src/png_decoder.cpp.o
[00:34:57] DEBUG   [  8%] Automatic RCC for ../src/icc_profiles.qrc
[00:34:57] DEBUG   [  9%] Building CXX object relight-deepzoom/CMakeFiles/relight-deepzoom.dir/__/src/exr_decoder.cpp.o
[00:34:58] DEBUG   [  9%] Building CXX object relight-normals/CMakeFiles/relight-normals.dir/relight-normals_autogen/mocs_compilation.cpp.o
[00:34:58] DEBUG   [  9%] Building C object relight-deepzoom/CMakeFiles/relight-deepzoom.dir/__/src/miniz.c.o
[00:34:58] DEBUG   [  9%] Building CXX object relight-deepzoom/CMakeFiles/relight-deepzoom.dir/__/src/jpeg_encoder.cpp.o
[00:34:59] DEBUG   [ 10%] Building CXX object relight-merge/CMakeFiles/relight-merge.dir/__/src/jpeg_decoder.cpp.o
[00:35:00] DEBUG   [ 11%] Building CXX object relight-deepzoom/CMakeFiles/relight-deepzoom.dir/relight-deepzoom_autogen/VNU7RW3YIC/qrc_icc_profiles.cpp.o
[00:35:01] DEBUG   [ 12%] Building CXX object relight-normals/CMakeFiles/relight-normals.dir/main.cpp.o
[00:35:01] DEBUG   [ 12%] Building CXX object relight-normals/CMakeFiles/relight-normals.dir/__/src/normals/bni_normal_integration.cpp.o
[00:35:01] DEBUG   [ 12%] Building CXX object relight-merge/CMakeFiles/relight-merge.dir/__/src/image_decoder.cpp.o
[00:35:02] DEBUG   [ 13%] Building CXX object relight-merge/CMakeFiles/relight-merge.dir/__/src/tiff_decoder.cpp.o
[00:35:03] DEBUG   [ 13%] Building CXX object relight-merge/CMakeFiles/relight-merge.dir/__/src/png_decoder.cpp.o
[00:35:03] DEBUG   [ 14%] Building CXX object relight-merge/CMakeFiles/relight-merge.dir/__/src/exr_decoder.cpp.o
[00:35:03] DEBUG   [ 14%] Building C object relight-merge/CMakeFiles/relight-merge.dir/__/src/miniz.c.o
[00:35:03] DEBUG   [ 14%] Built target relightlab_autogen
[00:35:03] DEBUG   [ 15%] Automatic RCC for res.qrc
[00:35:03] DEBUG   [ 15%] Automatic RCC for ../src/icc_profiles.qrc
[00:35:03] DEBUG   [ 15%] Building CXX object relight-merge/CMakeFiles/relight-merge.dir/__/src/imageset.cpp.o
[00:35:04] DEBUG   [ 16%] Building CXX object relight-merge/CMakeFiles/relight-merge.dir/__/src/exif.cpp.o
[00:35:04] DEBUG   [ 16%] Building CXX object relight-merge/CMakeFiles/relight-merge.dir/__/src/colorprofile.cpp.o
[00:35:04] DEBUG   /Users/huseyerd/relight-commit-efe5aa/src/normals/bni_normal_integration.cpp:180:3: warning: ignoring return value of function declared with 'nodiscard' attribute [-Wunused-result]
[00:35:04] DEBUG     180 |                 file.open(QFile::WriteOnly);
[00:35:04] DEBUG         |                 ^~~~~~~~~ ~~~~~~~~~~~~~~~~
[00:35:05] DEBUG   [ 17%] Building CXX object relightlab/CMakeFiles/relightlab.dir/relightlab_autogen/mocs_compilation.cpp.o
[00:35:05] DEBUG   [ 17%] Linking CXX executable relight-deepzoom
[00:35:05] DEBUG   [ 18%] Building CXX object relight-merge/CMakeFiles/relight-merge.dir/__/src/lp.cpp.o
[00:35:05] DEBUG   ld: warning: building for macOS-11.0, but linking with dylib '/opt/homebrew/opt/jpeg-turbo/lib/libjpeg.8.dylib' which was built for newer version 26.0
[00:35:05] DEBUG   ld: warning: building for macOS-11.0, but linking with dylib '/opt/homebrew/opt/libtiff/lib/libtiff.6.dylib' which was built for newer version 26.0
[00:35:05] DEBUG   ld: warning: building for macOS-11.0, but linking with dylib '/opt/homebrew/opt/libpng/lib/libpng16.16.dylib' which was built for newer version 26.0
[00:35:05] DEBUG   ld: warning: building for macOS-11.0, but linking with dylib '/opt/homebrew/opt/qtbase/lib/QtCore.framework/Versions/A/QtCore' which was built for newer version 14.0
[00:35:05] DEBUG   [ 18%] Building CXX object relight-merge/CMakeFiles/relight-merge.dir/__/src/jpeg_encoder.cpp.o
[00:35:05] DEBUG   [ 19%] Built target relight-deepzoom
[00:35:05] DEBUG   [ 19%] Automatic RCC for ../src/icc_profiles.qrc
[00:35:06] DEBUG   [ 20%] Building CXX object relight-cli/CMakeFiles/relight-cli.dir/relight-cli_autogen/mocs_compilation.cpp.o
[00:35:06] DEBUG   [ 21%] Building CXX object relight-merge/CMakeFiles/relight-merge.dir/__/src/icc_profiles.cpp.o
[00:35:06] DEBUG   [ 21%] Building CXX object relight-merge/CMakeFiles/relight-merge.dir/__/src/lens.cpp.o
[00:35:07] DEBUG   [ 21%] Building CXX object relight-merge/CMakeFiles/relight-merge.dir/__/src/dome.cpp.o
[00:35:08] DEBUG   [ 22%] Building CXX object relight-merge/CMakeFiles/relight-merge.dir/__/src/sphere.cpp.o
[00:35:08] DEBUG   [ 22%] Building CXX object relight-cli/CMakeFiles/relight-cli.dir/main.cpp.o
[00:35:08] DEBUG   [ 22%] Building CXX object relight-merge/CMakeFiles/relight-merge.dir/__/src/crop.cpp.o
[00:35:08] DEBUG   [ 23%] Building CXX object relight-merge/CMakeFiles/relight-merge.dir/__/src/cli/rtibuilder.cpp.o
[00:35:08] DEBUG   1 warning generated.
[00:35:09] DEBUG   [ 24%] Building CXX object relight-normals/CMakeFiles/relight-normals.dir/__/src/normals/fft_normal_integration.cpp.o
[00:35:09] DEBUG   [ 24%] Building CXX object relight-merge/CMakeFiles/relight-merge.dir/relight-merge_autogen/VNU7RW3YIC/qrc_icc_profiles.cpp.o
[00:35:09] DEBUG   [ 24%] Building CXX object relightlab/CMakeFiles/relightlab.dir/main.cpp.o
[00:35:10] DEBUG   [ 25%] Building CXX object relight-cli/CMakeFiles/relight-cli.dir/__/src/cli/rtibuilder.cpp.o
[00:35:11] DEBUG   [ 26%] Building CXX object relightlab/CMakeFiles/relightlab.dir/zoom.cpp.o
[00:35:12] DEBUG   /Users/huseyerd/relight-commit-efe5aa/src/cli/rtibuilder.cpp:430:11: warning: 'compute' is deprecated: Options should be specified using the class template parameter. [-Wdeprecated-declarations]
[00:35:12] DEBUG     430 |                 mat.svd.compute(A, Eigen::ComputeThinU | Eigen::ComputeThinV);
[00:35:12] DEBUG         |                         ^
[00:35:12] DEBUG   /opt/homebrew/include/eigen3/Eigen/src/SVD/JacobiSVD.h:625:14: note: 'compute' has been explicitly marked deprecated here
[00:35:12] DEBUG     625 |   JacobiSVD& compute(const MatrixBase<Derived>& matrix, unsigned int computationOptions) {
[00:35:12] DEBUG         |              ^
[00:35:12] DEBUG   /Users/huseyerd/relight-commit-efe5aa/src/cli/rtibuilder.cpp:430:11: warning: 'compute<Eigen::Matrix<float, -1, -1>>' is deprecated: Options should be specified using the class template parameter. [-Wdeprecated-declarations]
[00:35:12] DEBUG     430 |                 mat.svd.compute(A, Eigen::ComputeThinU | Eigen::ComputeThinV);
[00:35:12] DEBUG         |                         ^
[00:35:12] DEBUG   /opt/homebrew/include/eigen3/Eigen/src/SVD/JacobiSVD.h:624:3: note: 'compute<Eigen::Matrix<float, -1, -1>>' has been explicitly marked deprecated here
[00:35:12] DEBUG     624 |   EIGEN_DEPRECATED_WITH_REASON("Options should be specified using the class template parameter.")
[00:35:12] DEBUG         |   ^
[00:35:12] DEBUG   /opt/homebrew/include/eigen3/Eigen/src/Core/util/Macros.h:965:62: note: expanded from macro 'EIGEN_DEPRECATED_WITH_REASON'
[00:35:12] DEBUG     965 | #define EIGEN_DEPRECATED_WITH_REASON(message) __attribute__((deprecated(message)))
[00:35:12] DEBUG         |                                                              ^
[00:35:12] DEBUG   /Users/huseyerd/relight-commit-efe5aa/src/cli/rtibuilder.cpp:803:2: warning: ignoring return value of function declared with 'nodiscard' attribute [-Wunused-result]
[00:35:12] DEBUG     803 |         info.open(QFile::WriteOnly);
[00:35:12] DEBUG         |         ^~~~~~~~~ ~~~~~~~~~~~~~~~~
[00:35:12] DEBUG   [ 26%] Building CXX object relightlab/CMakeFiles/relightlab.dir/processqueue.cpp.o
[00:35:13] DEBUG   [ 27%] Building CXX object relightlab/CMakeFiles/relightlab.dir/__/src/align.cpp.o
[00:35:13] DEBUG   [ 27%] Building CXX object relight-normals/CMakeFiles/relight-normals.dir/__/src/normals/fast_gaussian_blur.cpp.o
[00:35:14] DEBUG   [ 28%] Building CXX object relight-normals/CMakeFiles/relight-normals.dir/__/src/normals/flatnormals.cpp.o
[00:35:14] DEBUG   [ 28%] Building CXX object relightlab/CMakeFiles/relightlab.dir/__/src/dome.cpp.o
[00:35:14] DEBUG   /Users/huseyerd/relight-commit-efe5aa/src/cli/rtibuilder.cpp:430:11: warning: 'compute' is deprecated: Options should be specified using the class template parameter. [-Wdeprecated-declarations]
[00:35:14] DEBUG     430 |                 mat.svd.compute(A, Eigen::ComputeThinU | Eigen::ComputeThinV);
[00:35:14] DEBUG         |                         ^
[00:35:14] DEBUG   /opt/homebrew/include/eigen3/Eigen/src/SVD/JacobiSVD.h:625:14: note: 'compute' has been explicitly marked deprecated here
[00:35:14] DEBUG     625 |   JacobiSVD& compute(const MatrixBase<Derived>& matrix, unsigned int computationOptions) {
[00:35:14] DEBUG         |              ^
[00:35:14] DEBUG   /Users/huseyerd/relight-commit-efe5aa/src/cli/rtibuilder.cpp:430:11: warning: 'compute<Eigen::Matrix<float, -1, -1>>' is deprecated: Options should be specified using the class template parameter. [-Wdeprecated-declarations]
[00:35:14] DEBUG     430 |                 mat.svd.compute(A, Eigen::ComputeThinU | Eigen::ComputeThinV);
[00:35:14] DEBUG         |                         ^
[00:35:14] DEBUG   /opt/homebrew/include/eigen3/Eigen/src/SVD/JacobiSVD.h:624:3: note: 'compute<Eigen::Matrix<float, -1, -1>>' has been explicitly marked deprecated here
[00:35:14] DEBUG     624 |   EIGEN_DEPRECATED_WITH_REASON("Options should be specified using the class template parameter.")
[00:35:14] DEBUG         |   ^
[00:35:14] DEBUG   /opt/homebrew/include/eigen3/Eigen/src/Core/util/Macros.h:965:62: note: expanded from macro 'EIGEN_DEPRECATED_WITH_REASON'
[00:35:14] DEBUG     965 | #define EIGEN_DEPRECATED_WITH_REASON(message) __attribute__((deprecated(message)))
[00:35:14] DEBUG         |                                                              ^
[00:35:14] DEBUG   /Users/huseyerd/relight-commit-efe5aa/src/cli/rtibuilder.cpp:803:2: warning: ignoring return value of function declared with 'nodiscard' attribute [-Wunused-result]
[00:35:14] DEBUG     803 |         info.open(QFile::WriteOnly);
[00:35:14] DEBUG         |         ^~~~~~~~~ ~~~~~~~~~~~~~~~~
[00:35:14] DEBUG   [ 28%] Building CXX object relight-normals/CMakeFiles/relight-normals.dir/__/src/normals/normals_parameters.cpp.o
[00:35:15] DEBUG   [ 28%] Building CXX object relightlab/CMakeFiles/relightlab.dir/__/src/exif.cpp.o
[00:35:15] DEBUG   [ 29%] Building CXX object relightlab/CMakeFiles/relightlab.dir/__/src/image.cpp.o
[00:35:18] DEBUG   [ 29%] Building CXX object relight-normals/CMakeFiles/relight-normals.dir/__/src/normals/normalstask.cpp.o
[00:35:18] DEBUG   [ 29%] Building CXX object relightlab/CMakeFiles/relightlab.dir/__/src/lens.cpp.o
[00:35:20] DEBUG   [ 30%] Building CXX object relightlab/CMakeFiles/relightlab.dir/__/src/lp.cpp.o
[00:35:23] DEBUG   In file included from /Users/huseyerd/relight-commit-efe5aa/src/normals/normalstask.cpp:6:
[00:35:23] DEBUG   /Users/huseyerd/relight-commit-efe5aa/src/normals/../relight_threadpool.h:31:36: warning: 'result_of_t' is deprecated [-Wdeprecated-declarations]
[00:35:23] DEBUG      31 |     template<class F, class R=std::result_of_t<F&()>>
[00:35:23] DEBUG         |                                    ^
[00:35:23] DEBUG   /Library/Developer/CommandLineTools/SDKs/MacOSX.sdk/usr/include/c++/v1/__type_traits/result_of.h:37:19: note: 'result_of_t' has been explicitly marked deprecated here
[00:35:23] DEBUG      37 | using result_of_t _LIBCPP_DEPRECATED_IN_CXX17 = typename result_of<_Tp>::type;
[00:35:23] DEBUG         |                   ^
[00:35:23] DEBUG   /Library/Developer/CommandLineTools/SDKs/MacOSX.sdk/usr/include/c++/v1/__config:581:41: note: expanded from macro '_LIBCPP_DEPRECATED_IN_CXX17'
[00:35:23] DEBUG     581 | #    define _LIBCPP_DEPRECATED_IN_CXX17 _LIBCPP_DEPRECATED
[00:35:23] DEBUG         |                                         ^
[00:35:23] DEBUG   /Library/Developer/CommandLineTools/SDKs/MacOSX.sdk/usr/include/c++/v1/__config:554:49: note: expanded from macro '_LIBCPP_DEPRECATED'
[00:35:23] DEBUG     554 | #      define _LIBCPP_DEPRECATED __attribute__((__deprecated__))
[00:35:23] DEBUG         |                                                 ^
[00:35:24] DEBUG   [ 30%] Building CXX object relightlab/CMakeFiles/relightlab.dir/__/src/measure.cpp.o
[00:35:24] DEBUG   [ 30%] Building CXX object relight-cli/CMakeFiles/relight-cli.dir/__/src/getopt.cpp.o
[00:35:24] DEBUG   In file included from /Users/huseyerd/relight-commit-efe5aa/src/normals/normalstask.cpp:6:
[00:35:24] DEBUG   /Users/huseyerd/relight-commit-efe5aa/src/normals/../relight_threadpool.h:31:36: warning: 'result_of_t' is deprecated [-Wdeprecated-declarations]
[00:35:24] DEBUG      31 |     template<class F, class R=std::result_of_t<F&()>>
[00:35:24] DEBUG         |                                    ^
[00:35:24] DEBUG   /Users/huseyerd/relight-commit-efe5aa/src/normals/../relight_threadpool.h:31:36: note: in instantiation of template type alias 'result_of_t' requested here
[00:35:24] DEBUG   /Users/huseyerd/relight-commit-efe5aa/src/normals/../relight_threadpool.h:32:20: note: in instantiation of default argument for 'queue<std::function<void ()> &>' required here
[00:35:24] DEBUG      32 |     std::future<R> queue(F&& f) {
[00:35:24] DEBUG         |                    ^~~~~~~~~~~~~~
[00:35:24] DEBUG      33 |
[00:35:24] DEBUG      34 |         std::packaged_task<R()> task(std::forward<F>(f));
[00:35:24] DEBUG         |         ~~~~~~~~~~~~~~~~~~~~~~~~~~~~~~~~~~~~~~~~~~~~~~~~~
[00:35:24] DEBUG      35 |
[00:35:24] DEBUG      36 |         auto result = task.get_future();
[00:35:24] DEBUG         |         ~~~~~~~~~~~~~~~~~~~~~~~~~~~~~~~~
[00:35:24] DEBUG      37 |         {
[00:35:24] DEBUG         |         ~
[00:35:24] DEBUG      38 |             std::unique_lock<std::mutex> l(work_mutex);
[00:35:24] DEBUG         |             ~~~~~~~~~~~~~~~~~~~~~~~~~~~~~~~~~~~~~~~~~~~
[00:35:24] DEBUG      39 |             work.emplace_back(std::move(task));
[00:35:24] DEBUG         |             ~~~~~~~~~~~~~~~~~~~~~~~~~~~~~~~~~~~
[00:35:24] DEBUG      40 |         }
[00:35:24] DEBUG         |         ~
[00:35:24] DEBUG      41 |         //start one thread
[00:35:24] DEBUG         |         ~~~~~~~~~~~~~~~~~~
[00:35:24] DEBUG      42 |         task_waker.notify_one();
[00:35:24] DEBUG         |         ~~~~~~~~~~~~~~~~~~~~~~~~
[00:35:24] DEBUG      43 |
[00:35:24] DEBUG      44 |         return result;
[00:35:24] DEBUG         |         ~~~~~~~~~~~~~~
[00:35:24] DEBUG      45 |     }
[00:35:24] DEBUG         |     ~
[00:35:24] DEBUG   /Users/huseyerd/relight-commit-efe5aa/src/normals/normalstask.cpp:134:9: note: while substituting deduced template arguments into function template 'queue' [with F = std::function<void ()> &, R = (no value)]
[00:35:24] DEBUG     134 |                         pool.queue(run);
[00:35:24] DEBUG         |                              ^
[00:35:24] DEBUG   /Library/Developer/CommandLineTools/SDKs/MacOSX.sdk/usr/include/c++/v1/__type_traits/result_of.h:37:19: note: 'result_of_t' has been explicitly marked deprecated here
[00:35:24] DEBUG      37 | using result_of_t _LIBCPP_DEPRECATED_IN_CXX17 = typename result_of<_Tp>::type;
[00:35:24] DEBUG         |                   ^
[00:35:24] DEBUG   /Library/Developer/CommandLineTools/SDKs/MacOSX.sdk/usr/include/c++/v1/__config:581:41: note: expanded from macro '_LIBCPP_DEPRECATED_IN_CXX17'
[00:35:24] DEBUG     581 | #    define _LIBCPP_DEPRECATED_IN_CXX17 _LIBCPP_DEPRECATED
[00:35:24] DEBUG         |                                         ^
[00:35:24] DEBUG   /Library/Developer/CommandLineTools/SDKs/MacOSX.sdk/usr/include/c++/v1/__config:554:49: note: expanded from macro '_LIBCPP_DEPRECATED'
[00:35:24] DEBUG     554 | #      define _LIBCPP_DEPRECATED __attribute__((__deprecated__))
[00:35:24] DEBUG         |                                                 ^
[00:35:24] DEBUG   /Library/Developer/CommandLineTools/SDKs/MacOSX.sdk/usr/include/c++/v1/__type_traits/result_of.h:25:8: note: 'result_of<std::function<void ()> &()>' has been explicitly marked deprecated here
[00:35:24] DEBUG      25 | struct _LIBCPP_DEPRECATED_IN_CXX17 _LIBCPP_NO_SPECIALIZATIONS result_of;
[00:35:24] DEBUG         |        ^
[00:35:24] DEBUG   /Library/Developer/CommandLineTools/SDKs/MacOSX.sdk/usr/include/c++/v1/__config:581:41: note: expanded from macro '_LIBCPP_DEPRECATED_IN_CXX17'
[00:35:24] DEBUG     581 | #    define _LIBCPP_DEPRECATED_IN_CXX17 _LIBCPP_DEPRECATED
[00:35:24] DEBUG         |                                         ^
[00:35:24] DEBUG   /Library/Developer/CommandLineTools/SDKs/MacOSX.sdk/usr/include/c++/v1/__config:554:49: note: expanded from macro '_LIBCPP_DEPRECATED'
[00:35:24] DEBUG     554 | #      define _LIBCPP_DEPRECATED __attribute__((__deprecated__))
[00:35:24] DEBUG         |                                                 ^
[00:35:25] DEBUG   [ 31%] Building CXX object relight-cli/CMakeFiles/relight-cli.dir/__/src/imageset.cpp.o
[00:35:25] DEBUG   [ 32%] Building CXX object relightlab/CMakeFiles/relightlab.dir/__/src/project.cpp.o
[00:35:27] DEBUG   [ 32%] Building CXX object relightlab/CMakeFiles/relightlab.dir/__/src/sphere.cpp.o
[00:35:31] DEBUG   [ 33%] Building CXX object relight-normals/CMakeFiles/relight-normals.dir/__/src/normals/normalsworker.cpp.o
[00:35:31] DEBUG   /Users/huseyerd/relight-commit-efe5aa/src/project.cpp:887:2: warning: ignoring return value of function declared with 'nodiscard' attribute [-Wunused-result]
[00:35:31] DEBUG     887 |         obj.open(QFile::WriteOnly);
[00:35:31] DEBUG         |         ^~~~~~~~ ~~~~~~~~~~~~~~~~
[00:35:31] DEBUG   /opt/homebrew/include/eigen3/Eigen/src/Core/DenseBase.h:94:3: note: unnamed type used in template argument was declared here
[00:35:31] DEBUG      94 |   enum {
[00:35:31] DEBUG         |   ^
[00:35:31] DEBUG   /opt/homebrew/include/eigen3/Eigen/src/Core/DenseBase.h:94:3: note: unnamed type used in template argument was declared here
[00:35:31] DEBUG   /opt/homebrew/include/eigen3/Eigen/src/Core/DenseBase.h:94:3: note: unnamed type used in template argument was declared here
[00:35:31] DEBUG   /opt/homebrew/include/eigen3/Eigen/src/Core/DenseBase.h:94:3: note: unnamed type used in template argument was declared here
[00:35:32] DEBUG   [ 33%] Building CXX object relight-cli/CMakeFiles/relight-cli.dir/__/src/exif.cpp.o
[00:35:35] DEBUG   1 warning generated.
[00:35:35] DEBUG   [ 33%] Building CXX object relightlab/CMakeFiles/relightlab.dir/__/src/white.cpp.o
[00:35:35] DEBUG   [ 33%] Building CXX object relight-cli/CMakeFiles/relight-cli.dir/__/src/colorprofile.cpp.o
[00:35:37] DEBUG   [ 34%] Building CXX object relight-cli/CMakeFiles/relight-cli.dir/__/src/jpeg_decoder.cpp.o
[00:35:38] DEBUG   [ 35%] Building CXX object relightlab/CMakeFiles/relightlab.dir/__/src/normals/flatnormals.cpp.o
[00:35:38] DEBUG   [ 35%] Building CXX object relight-cli/CMakeFiles/relight-cli.dir/__/src/image_decoder.cpp.o
[00:35:39] DEBUG   [ 36%] Building CXX object relight-cli/CMakeFiles/relight-cli.dir/__/src/tiff_decoder.cpp.o
[00:35:39] DEBUG   [ 36%] Building CXX object relight-normals/CMakeFiles/relight-normals.dir/__/src/task.cpp.o
[00:35:40] DEBUG   [ 36%] Building CXX object relight-cli/CMakeFiles/relight-cli.dir/__/src/png_decoder.cpp.o
[00:35:41] DEBUG   [ 37%] Building CXX object relight-normals/CMakeFiles/relight-normals.dir/__/src/threadpool.cpp.o
[00:35:41] DEBUG   [ 38%] Building CXX object relight-cli/CMakeFiles/relight-cli.dir/__/src/exr_decoder.cpp.o
[00:35:42] DEBUG   /Users/huseyerd/relight-commit-efe5aa/src/threadpool.cpp:27:36: warning: 'result_of_t' is deprecated [-Wdeprecated-declarations]
[00:35:42] DEBUG      27 |     template<class F, class R=std::result_of_t<F&()>>
[00:35:42] DEBUG         |                                    ^
[00:35:42] DEBUG   /Library/Developer/CommandLineTools/SDKs/MacOSX.sdk/usr/include/c++/v1/__type_traits/result_of.h:37:19: note: 'result_of_t' has been explicitly marked deprecated here
[00:35:42] DEBUG      37 | using result_of_t _LIBCPP_DEPRECATED_IN_CXX17 = typename result_of<_Tp>::type;
[00:35:42] DEBUG         |                   ^
[00:35:42] DEBUG   /Library/Developer/CommandLineTools/SDKs/MacOSX.sdk/usr/include/c++/v1/__config:581:41: note: expanded from macro '_LIBCPP_DEPRECATED_IN_CXX17'
[00:35:42] DEBUG     581 | #    define _LIBCPP_DEPRECATED_IN_CXX17 _LIBCPP_DEPRECATED
[00:35:42] DEBUG         |                                         ^
[00:35:42] DEBUG   /Library/Developer/CommandLineTools/SDKs/MacOSX.sdk/usr/include/c++/v1/__config:554:49: note: expanded from macro '_LIBCPP_DEPRECATED'
[00:35:42] DEBUG     554 | #      define _LIBCPP_DEPRECATED __attribute__((__deprecated__))
[00:35:42] DEBUG         |                                                 ^
[00:35:42] DEBUG   1 warning generated.
[00:35:42] DEBUG   [ 38%] Building CXX object relight-normals/CMakeFiles/relight-normals.dir/__/src/cli/rtibuilder.cpp.o
[00:35:42] DEBUG   [ 39%] Building CXX object relight-normals/CMakeFiles/relight-normals.dir/__/src/getopt.cpp.o
[00:35:42] DEBUG   [ 39%] Building CXX object relight-normals/CMakeFiles/relight-normals.dir/__/src/imageset.cpp.o
[00:35:43] DEBUG   2 warnings generated.
[00:35:43] DEBUG   [ 39%] Building CXX object relight-normals/CMakeFiles/relight-normals.dir/__/src/exif.cpp.o
[00:35:45] DEBUG   [ 40%] Building CXX object relight-normals/CMakeFiles/relight-normals.dir/__/src/image.cpp.o
[00:35:46] DEBUG   /Users/huseyerd/relight-commit-efe5aa/src/cli/rtibuilder.cpp:430:11: warning: 'compute' is deprecated: Options should be specified using the class template parameter. [-Wdeprecated-declarations]
[00:35:46] DEBUG     430 |                 mat.svd.compute(A, Eigen::ComputeThinU | Eigen::ComputeThinV);
[00:35:46] DEBUG         |                         ^
[00:35:46] DEBUG   /opt/homebrew/include/eigen3/Eigen/src/SVD/JacobiSVD.h:625:14: note: 'compute' has been explicitly marked deprecated here
[00:35:46] DEBUG     625 |   JacobiSVD& compute(const MatrixBase<Derived>& matrix, unsigned int computationOptions) {
[00:35:46] DEBUG         |              ^
[00:35:46] DEBUG   /Users/huseyerd/relight-commit-efe5aa/src/cli/rtibuilder.cpp:430:11: warning: 'compute<Eigen::Matrix<float, -1, -1>>' is deprecated: Options should be specified using the class template parameter. [-Wdeprecated-declarations]
[00:35:46] DEBUG     430 |                 mat.svd.compute(A, Eigen::ComputeThinU | Eigen::ComputeThinV);
[00:35:46] DEBUG         |                         ^
[00:35:46] DEBUG   /opt/homebrew/include/eigen3/Eigen/src/SVD/JacobiSVD.h:624:3: note: 'compute<Eigen::Matrix<float, -1, -1>>' has been explicitly marked deprecated here
[00:35:46] DEBUG     624 |   EIGEN_DEPRECATED_WITH_REASON("Options should be specified using the class template parameter.")
[00:35:46] DEBUG         |   ^
[00:35:46] DEBUG   /opt/homebrew/include/eigen3/Eigen/src/Core/util/Macros.h:965:62: note: expanded from macro 'EIGEN_DEPRECATED_WITH_REASON'
[00:35:46] DEBUG     965 | #define EIGEN_DEPRECATED_WITH_REASON(message) __attribute__((deprecated(message)))
[00:35:46] DEBUG         |                                                              ^
[00:35:46] DEBUG   /Users/huseyerd/relight-commit-efe5aa/src/cli/rtibuilder.cpp:803:2: warning: ignoring return value of function declared with 'nodiscard' attribute [-Wunused-result]
[00:35:46] DEBUG     803 |         info.open(QFile::WriteOnly);
[00:35:46] DEBUG         |         ^~~~~~~~~ ~~~~~~~~~~~~~~~~
[00:35:46] DEBUG   [ 40%] Building CXX object relightlab/CMakeFiles/relightlab.dir/__/src/normals/bni_normal_integration.cpp.o
[00:35:46] DEBUG   [ 40%] Building CXX object relight-normals/CMakeFiles/relight-normals.dir/__/src/jpeg_decoder.cpp.o
[00:35:47] DEBUG   [ 41%] Building CXX object relightlab/CMakeFiles/relightlab.dir/__/src/normals/fft_normal_integration.cpp.o
[00:35:47] DEBUG   [ 42%] Building CXX object relight-normals/CMakeFiles/relight-normals.dir/__/src/image_decoder.cpp.o
[00:35:48] DEBUG   [ 42%] Building CXX object relight-normals/CMakeFiles/relight-normals.dir/__/src/tiff_decoder.cpp.o
[00:35:48] DEBUG   3 warnings generated.
[00:35:48] DEBUG   [ 43%] Linking CXX executable relight-merge
[00:35:48] DEBUG   ld: warning: building for macOS-11.0, but linking with dylib '/opt/homebrew/opt/jpeg-turbo/lib/libjpeg.8.dylib' which was built for newer version 26.0
[00:35:48] DEBUG   ld: warning: building for macOS-11.0, but linking with dylib '/opt/homebrew/opt/libtiff/lib/libtiff.6.dylib' which was built for newer version 26.0
[00:35:48] DEBUG   ld: warning: building for macOS-11.0, but linking with dylib '/opt/homebrew/opt/libpng/lib/libpng16.16.dylib' which was built for newer version 26.0
[00:35:48] DEBUG   ld: warning: building for macOS-11.0, but linking with dylib '/opt/homebrew/opt/qtbase/lib/QtGui.framework/Versions/A/QtGui' which was built for newer version 14.0
[00:35:48] DEBUG   ld: warning: building for macOS-11.0, but linking with dylib '/opt/homebrew/opt/qtbase/lib/QtConcurrent.framework/Versions/A/QtConcurrent' which was built for newer version 14.0
[00:35:48] DEBUG   ld: warning: building for macOS-11.0, but linking with dylib '/opt/homebrew/opt/little-cms2/lib/liblcms2.2.dylib' which was built for newer version 26.0
[00:35:48] DEBUG   ld: warning: building for macOS-11.0, but linking with dylib '/opt/homebrew/opt/libomp/lib/libomp.dylib' which was built for newer version 26.0
[00:35:48] DEBUG   ld: warning: building for macOS-11.0, but linking with dylib '/opt/homebrew/opt/qtbase/lib/QtCore.framework/Versions/A/QtCore' which was built for newer version 14.0
[00:35:48] DEBUG   /Users/huseyerd/relight-commit-efe5aa/src/normals/bni_normal_integration.cpp:180:3: warning: ignoring return value of function declared with 'nodiscard' attribute [-Wunused-result]
[00:35:48] DEBUG     180 |                 file.open(QFile::WriteOnly);
[00:35:48] DEBUG         |                 ^~~~~~~~~ ~~~~~~~~~~~~~~~~
[00:35:48] DEBUG   [ 43%] Built target relight-merge
[00:35:48] DEBUG   [ 43%] Building C object relight-cli/CMakeFiles/relight-cli.dir/__/src/miniz.c.o
[00:35:48] DEBUG   [ 44%] Building CXX object relight-normals/CMakeFiles/relight-normals.dir/__/src/png_decoder.cpp.o
[00:35:49] DEBUG   [ 44%] Building CXX object relight-normals/CMakeFiles/relight-normals.dir/__/src/exr_decoder.cpp.o
[00:35:49] DEBUG   [ 44%] Building C object relight-normals/CMakeFiles/relight-normals.dir/__/src/miniz.c.o
[00:35:50] DEBUG   [ 44%] Building CXX object relight-cli/CMakeFiles/relight-cli.dir/__/src/jpeg_encoder.cpp.o
[00:35:50] DEBUG   3 warnings generated.
[00:35:51] DEBUG   [ 45%] Building CXX object relight-cli/CMakeFiles/relight-cli.dir/__/src/icc_profiles.cpp.o
[00:35:51] DEBUG   [ 46%] Building CXX object relight-normals/CMakeFiles/relight-normals.dir/__/src/jpeg_encoder.cpp.o
[00:35:51] DEBUG   [ 46%] Building CXX object relight-cli/CMakeFiles/relight-cli.dir/__/src/rti.cpp.o
[00:35:52] DEBUG   [ 46%] Building CXX object relight-normals/CMakeFiles/relight-normals.dir/__/src/icc_profiles.cpp.o
[00:35:53] DEBUG   [ 47%] Building CXX object relight-cli/CMakeFiles/relight-cli.dir/__/src/legacy_rti.cpp.o
[00:35:53] DEBUG   1 warning generated.
[00:35:53] DEBUG   [ 47%] Building CXX object relightlab/CMakeFiles/relightlab.dir/__/src/normals/fast_gaussian_blur.cpp.o
[00:35:53] DEBUG   [ 48%] Building CXX object relightlab/CMakeFiles/relightlab.dir/__/src/normals/normals_parameters.cpp.o
[00:35:54] DEBUG   [ 49%] Building CXX object relight-normals/CMakeFiles/relight-normals.dir/__/src/project.cpp.o
[00:35:54] DEBUG   [ 49%] Building CXX object relightlab/CMakeFiles/relightlab.dir/__/src/normals/normalstask.cpp.o
[00:35:54] DEBUG   [ 49%] Building CXX object relightlab/CMakeFiles/relightlab.dir/__/src/normals/normalsworker.cpp.o
[00:35:54] DEBUG   [ 49%] Building CXX object relight-normals/CMakeFiles/relight-normals.dir/__/src/colorprofile.cpp.o
[00:35:55] DEBUG   [ 49%] Building CXX object relight-cli/CMakeFiles/relight-cli.dir/__/src/lp.cpp.o
[00:35:55] DEBUG   [ 50%] Building CXX object relightlab/CMakeFiles/relightlab.dir/__/src/task.cpp.o
[00:35:56] DEBUG   [ 51%] Building CXX object relight-cli/CMakeFiles/relight-cli.dir/__/src/dome.cpp.o
[00:35:56] DEBUG   [ 51%] Building CXX object relightlab/CMakeFiles/relightlab.dir/__/src/crop.cpp.o
[00:35:56] DEBUG   In file included from /Users/huseyerd/relight-commit-efe5aa/src/normals/normalstask.cpp:6:
[00:35:56] DEBUG   /Users/huseyerd/relight-commit-efe5aa/src/normals/../relight_threadpool.h:31:36: warning: 'result_of_t' is deprecated [-Wdeprecated-declarations]
[00:35:56] DEBUG      31 |     template<class F, class R=std::result_of_t<F&()>>
[00:35:56] DEBUG         |                                    ^
[00:35:56] DEBUG   /Library/Developer/CommandLineTools/SDKs/MacOSX.sdk/usr/include/c++/v1/__type_traits/result_of.h:37:19: note: 'result_of_t' has been explicitly marked deprecated here
[00:35:56] DEBUG      37 | using result_of_t _LIBCPP_DEPRECATED_IN_CXX17 = typename result_of<_Tp>::type;
[00:35:56] DEBUG         |                   ^
[00:35:56] DEBUG   /Library/Developer/CommandLineTools/SDKs/MacOSX.sdk/usr/include/c++/v1/__config:581:41: note: expanded from macro '_LIBCPP_DEPRECATED_IN_CXX17'
[00:35:56] DEBUG     581 | #    define _LIBCPP_DEPRECATED_IN_CXX17 _LIBCPP_DEPRECATED
[00:35:56] DEBUG         |                                         ^
[00:35:56] DEBUG   /Library/Developer/CommandLineTools/SDKs/MacOSX.sdk/usr/include/c++/v1/__config:554:49: note: expanded from macro '_LIBCPP_DEPRECATED'
[00:35:56] DEBUG     554 | #      define _LIBCPP_DEPRECATED __attribute__((__deprecated__))
[00:35:56] DEBUG         |                                                 ^
[00:35:57] DEBUG   /Users/huseyerd/relight-commit-efe5aa/src/project.cpp:887:2: warning: ignoring return value of function declared with 'nodiscard' attribute [-Wunused-result]
[00:35:57] DEBUG     887 |         obj.open(QFile::WriteOnly);
[00:35:57] DEBUG         |         ^~~~~~~~ ~~~~~~~~~~~~~~~~
[00:35:57] DEBUG   /opt/homebrew/include/eigen3/Eigen/src/Core/DenseBase.h:94:3: note: unnamed type used in template argument was declared here
[00:35:57] DEBUG      94 |   enum {
[00:35:57] DEBUG         |   ^
[00:35:57] DEBUG   /opt/homebrew/include/eigen3/Eigen/src/Core/DenseBase.h:94:3: note: unnamed type used in template argument was declared here
[00:35:57] DEBUG   /opt/homebrew/include/eigen3/Eigen/src/Core/DenseBase.h:94:3: note: unnamed type used in template argument was declared here
[00:35:57] DEBUG   /opt/homebrew/include/eigen3/Eigen/src/Core/DenseBase.h:94:3: note: unnamed type used in template argument was declared here
[00:35:57] DEBUG   In file included from /Users/huseyerd/relight-commit-efe5aa/src/normals/normalstask.cpp:6:
[00:35:57] DEBUG   /Users/huseyerd/relight-commit-efe5aa/src/normals/../relight_threadpool.h:31:36: warning: 'result_of_t' is deprecated [-Wdeprecated-declarations]
[00:35:57] DEBUG      31 |     template<class F, class R=std::result_of_t<F&()>>
[00:35:57] DEBUG         |                                    ^
[00:35:57] DEBUG   /Users/huseyerd/relight-commit-efe5aa/src/normals/../relight_threadpool.h:31:36: note: in instantiation of template type alias 'result_of_t' requested here
[00:35:57] DEBUG   /Users/huseyerd/relight-commit-efe5aa/src/normals/../relight_threadpool.h:32:20: note: in instantiation of default argument for 'queue<std::function<void ()> &>' required here
[00:35:57] DEBUG      32 |     std::future<R> queue(F&& f) {
[00:35:57] DEBUG         |                    ^~~~~~~~~~~~~~
[00:35:57] DEBUG      33 |
[00:35:57] DEBUG      34 |         std::packaged_task<R()> task(std::forward<F>(f));
[00:35:57] DEBUG         |         ~~~~~~~~~~~~~~~~~~~~~~~~~~~~~~~~~~~~~~~~~~~~~~~~~
[00:35:57] DEBUG      35 |
[00:35:57] DEBUG      36 |         auto result = task.get_future();
[00:35:57] DEBUG         |         ~~~~~~~~~~~~~~~~~~~~~~~~~~~~~~~~
[00:35:57] DEBUG      37 |         {
[00:35:57] DEBUG         |         ~
[00:35:57] DEBUG      38 |             std::unique_lock<std::mutex> l(work_mutex);
[00:35:57] DEBUG         |             ~~~~~~~~~~~~~~~~~~~~~~~~~~~~~~~~~~~~~~~~~~~
[00:35:57] DEBUG      39 |             work.emplace_back(std::move(task));
[00:35:57] DEBUG         |             ~~~~~~~~~~~~~~~~~~~~~~~~~~~~~~~~~~~
[00:35:57] DEBUG      40 |         }
[00:35:57] DEBUG         |         ~
[00:35:57] DEBUG      41 |         //start one thread
[00:35:57] DEBUG         |         ~~~~~~~~~~~~~~~~~~
[00:35:57] DEBUG      42 |         task_waker.notify_one();
[00:35:57] DEBUG         |         ~~~~~~~~~~~~~~~~~~~~~~~~
[00:35:57] DEBUG      43 |
[00:35:57] DEBUG      44 |         return result;
[00:35:57] DEBUG         |         ~~~~~~~~~~~~~~
[00:35:57] DEBUG      45 |     }
[00:35:57] DEBUG         |     ~
[00:35:57] DEBUG   /Users/huseyerd/relight-commit-efe5aa/src/normals/normalstask.cpp:134:9: note: while substituting deduced template arguments into function template 'queue' [with F = std::function<void ()> &, R = (no value)]
[00:35:57] DEBUG     134 |                         pool.queue(run);
[00:35:57] DEBUG         |                              ^
[00:35:57] DEBUG   /Library/Developer/CommandLineTools/SDKs/MacOSX.sdk/usr/include/c++/v1/__type_traits/result_of.h:37:19: note: 'result_of_t' has been explicitly marked deprecated here
[00:35:57] DEBUG      37 | using result_of_t _LIBCPP_DEPRECATED_IN_CXX17 = typename result_of<_Tp>::type;
[00:35:57] DEBUG         |                   ^
[00:35:57] DEBUG   /Library/Developer/CommandLineTools/SDKs/MacOSX.sdk/usr/include/c++/v1/__config:581:41: note: expanded from macro '_LIBCPP_DEPRECATED_IN_CXX17'
[00:35:57] DEBUG     581 | #    define _LIBCPP_DEPRECATED_IN_CXX17 _LIBCPP_DEPRECATED
[00:35:57] DEBUG         |                                         ^
[00:35:57] DEBUG   /Library/Developer/CommandLineTools/SDKs/MacOSX.sdk/usr/include/c++/v1/__config:554:49: note: expanded from macro '_LIBCPP_DEPRECATED'
[00:35:57] DEBUG     554 | #      define _LIBCPP_DEPRECATED __attribute__((__deprecated__))
[00:35:57] DEBUG         |                                                 ^
[00:35:57] DEBUG   /Library/Developer/CommandLineTools/SDKs/MacOSX.sdk/usr/include/c++/v1/__type_traits/result_of.h:25:8: note: 'result_of<std::function<void ()> &()>' has been explicitly marked deprecated here
[00:35:57] DEBUG      25 | struct _LIBCPP_DEPRECATED_IN_CXX17 _LIBCPP_NO_SPECIALIZATIONS result_of;
[00:35:57] DEBUG         |        ^
[00:35:57] DEBUG   /Library/Developer/CommandLineTools/SDKs/MacOSX.sdk/usr/include/c++/v1/__config:581:41: note: expanded from macro '_LIBCPP_DEPRECATED_IN_CXX17'
[00:35:57] DEBUG     581 | #    define _LIBCPP_DEPRECATED_IN_CXX17 _LIBCPP_DEPRECATED
[00:35:57] DEBUG         |                                         ^
[00:35:57] DEBUG   /Library/Developer/CommandLineTools/SDKs/MacOSX.sdk/usr/include/c++/v1/__config:554:49: note: expanded from macro '_LIBCPP_DEPRECATED'
[00:35:57] DEBUG     554 | #      define _LIBCPP_DEPRECATED __attribute__((__deprecated__))
[00:35:57] DEBUG         |                                                 ^
[00:35:57] DEBUG   [ 52%] Building CXX object relightlab/CMakeFiles/relightlab.dir/__/src/rti/rtitask.cpp.o
[00:35:57] DEBUG   [ 52%] Building CXX object relight-cli/CMakeFiles/relight-cli.dir/__/src/lens.cpp.o
[00:35:58] DEBUG   [ 52%] Building CXX object relightlab/CMakeFiles/relightlab.dir/__/src/rti/rtiparameters.cpp.o
[00:35:59] DEBUG   1 warning generated.
[00:35:59] DEBUG   [ 53%] Building CXX object relight-normals/CMakeFiles/relight-normals.dir/__/src/dome.cpp.o
[00:36:01] DEBUG   [ 54%] Building CXX object relight-cli/CMakeFiles/relight-cli.dir/__/src/sphere.cpp.o
[00:36:01] DEBUG   [ 54%] Building CXX object relight-normals/CMakeFiles/relight-normals.dir/__/src/sphere.cpp.o
[00:36:01] DEBUG   /Users/huseyerd/relight-commit-efe5aa/src/rti/rtitask.cpp:184:3: warning: ignoring return value of function declared with 'nodiscard' attribute [-Wunused-result]
[00:36:01] DEBUG     184 |                 fp.open(QFile::ReadOnly);
[00:36:01] DEBUG         |                 ^~~~~~~ ~~~~~~~~~~~~~~~
[00:36:01] DEBUG   /Users/huseyerd/relight-commit-efe5aa/src/rti/rtitask.cpp:187:3: warning: ignoring return value of function declared with 'nodiscard' attribute [-Wunused-result]
[00:36:01] DEBUG     187 |                 copy.open(QFile::WriteOnly);
[00:36:01] DEBUG         |                 ^~~~~~~~~ ~~~~~~~~~~~~~~~~
[00:36:01] DEBUG   [ 54%] Building CXX object relight-cli/CMakeFiles/relight-cli.dir/__/src/crop.cpp.o
[00:36:02] DEBUG   [ 55%] Building CXX object relightlab/CMakeFiles/relightlab.dir/__/src/cli/rtibuilder.cpp.o
[00:36:02] DEBUG   2 warnings generated.
[00:36:02] DEBUG   [ 55%] Building CXX object relightlab/CMakeFiles/relightlab.dir/__/src/cli/convert_rti.cpp.o
[00:36:04] DEBUG   [ 55%] Building CXX object relight-cli/CMakeFiles/relight-cli.dir/__/src/cli/convert_rti.cpp.o
[00:36:05] DEBUG   [ 56%] Building CXX object relight-normals/CMakeFiles/relight-normals.dir/__/src/lens.cpp.o
[00:36:06] DEBUG   [ 57%] Building CXX object relightlab/CMakeFiles/relightlab.dir/__/src/deepzoom.cpp.o
[00:36:06] DEBUG   /Users/huseyerd/relight-commit-efe5aa/src/cli/rtibuilder.cpp:430:11: warning: 'compute' is deprecated: Options should be specified using the class template parameter. [-Wdeprecated-declarations]
[00:36:06] DEBUG     430 |                 mat.svd.compute(A, Eigen::ComputeThinU | Eigen::ComputeThinV);
[00:36:06] DEBUG         |                         ^
[00:36:06] DEBUG   /opt/homebrew/include/eigen3/Eigen/src/SVD/JacobiSVD.h:625:14: note: 'compute' has been explicitly marked deprecated here
[00:36:06] DEBUG     625 |   JacobiSVD& compute(const MatrixBase<Derived>& matrix, unsigned int computationOptions) {
[00:36:06] DEBUG         |              ^
[00:36:06] DEBUG   /Users/huseyerd/relight-commit-efe5aa/src/cli/rtibuilder.cpp:430:11: warning: 'compute<Eigen::Matrix<float, -1, -1>>' is deprecated: Options should be specified using the class template parameter. [-Wdeprecated-declarations]
[00:36:06] DEBUG     430 |                 mat.svd.compute(A, Eigen::ComputeThinU | Eigen::ComputeThinV);
[00:36:06] DEBUG         |                         ^
[00:36:06] DEBUG   /opt/homebrew/include/eigen3/Eigen/src/SVD/JacobiSVD.h:624:3: note: 'compute<Eigen::Matrix<float, -1, -1>>' has been explicitly marked deprecated here
[00:36:06] DEBUG     624 |   EIGEN_DEPRECATED_WITH_REASON("Options should be specified using the class template parameter.")
[00:36:06] DEBUG         |   ^
[00:36:06] DEBUG   /opt/homebrew/include/eigen3/Eigen/src/Core/util/Macros.h:965:62: note: expanded from macro 'EIGEN_DEPRECATED_WITH_REASON'
[00:36:06] DEBUG     965 | #define EIGEN_DEPRECATED_WITH_REASON(message) __attribute__((deprecated(message)))
[00:36:06] DEBUG         |                                                              ^
[00:36:06] DEBUG   /Users/huseyerd/relight-commit-efe5aa/src/cli/rtibuilder.cpp:803:2: warning: ignoring return value of function declared with 'nodiscard' attribute [-Wunused-result]
[00:36:06] DEBUG     803 |         info.open(QFile::WriteOnly);
[00:36:06] DEBUG         |         ^~~~~~~~~ ~~~~~~~~~~~~~~~~
[00:36:07] DEBUG   [ 58%] Building CXX object relight-cli/CMakeFiles/relight-cli.dir/__/src/brdf/brdftask.cpp.o
[00:36:07] DEBUG   3 warnings generated.
[00:36:07] DEBUG   [ 58%] Building CXX object relightlab/CMakeFiles/relightlab.dir/__/src/rti.cpp.o
[00:36:08] DEBUG   2 warnings generated.
[00:36:08] DEBUG   [ 58%] Building CXX object relightlab/CMakeFiles/relightlab.dir/__/src/legacy_rti.cpp.o
[00:36:09] DEBUG   [ 59%] Building CXX object relightlab/CMakeFiles/relightlab.dir/__/src/imageset.cpp.o
[00:36:09] DEBUG   [ 59%] Building CXX object relight-normals/CMakeFiles/relight-normals.dir/__/src/crop.cpp.o
[00:36:11] DEBUG   In file included from /Users/huseyerd/relight-commit-efe5aa/src/brdf/brdftask.cpp:2:
[00:36:11] DEBUG   /Users/huseyerd/relight-commit-efe5aa/relight-cli/../src/relight_threadpool.h:31:36: warning: 'result_of_t' is deprecated [-Wdeprecated-declarations]
[00:36:11] DEBUG      31 |     template<class F, class R=std::result_of_t<F&()>>
[00:36:11] DEBUG         |                                    ^
[00:36:11] DEBUG   /Library/Developer/CommandLineTools/SDKs/MacOSX.sdk/usr/include/c++/v1/__type_traits/result_of.h:37:19: note: 'result_of_t' has been explicitly marked deprecated here
[00:36:11] DEBUG      37 | using result_of_t _LIBCPP_DEPRECATED_IN_CXX17 = typename result_of<_Tp>::type;
[00:36:11] DEBUG         |                   ^
[00:36:11] DEBUG   /Library/Developer/CommandLineTools/SDKs/MacOSX.sdk/usr/include/c++/v1/__config:581:41: note: expanded from macro '_LIBCPP_DEPRECATED_IN_CXX17'
[00:36:11] DEBUG     581 | #    define _LIBCPP_DEPRECATED_IN_CXX17 _LIBCPP_DEPRECATED
[00:36:11] DEBUG         |                                         ^
[00:36:11] DEBUG   /Library/Developer/CommandLineTools/SDKs/MacOSX.sdk/usr/include/c++/v1/__config:554:49: note: expanded from macro '_LIBCPP_DEPRECATED'
[00:36:11] DEBUG     554 | #      define _LIBCPP_DEPRECATED __attribute__((__deprecated__))
[00:36:11] DEBUG         |                                                 ^
[00:36:11] DEBUG   In file included from /Users/huseyerd/relight-commit-efe5aa/src/brdf/brdftask.cpp:2:
[00:36:11] DEBUG   /Users/huseyerd/relight-commit-efe5aa/relight-cli/../src/relight_threadpool.h:31:36: warning: 'result_of_t' is deprecated [-Wdeprecated-declarations]
[00:36:11] DEBUG      31 |     template<class F, class R=std::result_of_t<F&()>>
[00:36:11] DEBUG         |                                    ^
[00:36:11] DEBUG   /Users/huseyerd/relight-commit-efe5aa/relight-cli/../src/relight_threadpool.h:31:36: note: in instantiation of template type alias 'result_of_t' requested here
[00:36:11] DEBUG   /Users/huseyerd/relight-commit-efe5aa/relight-cli/../src/relight_threadpool.h:32:20: note: in instantiation of default argument for 'queue<std::function<void ()> &>' required here
[00:36:11] DEBUG      32 |     std::future<R> queue(F&& f) {
[00:36:11] DEBUG         |                    ^~~~~~~~~~~~~~
[00:36:11] DEBUG      33 |
[00:36:11] DEBUG      34 |         std::packaged_task<R()> task(std::forward<F>(f));
[00:36:11] DEBUG         |         ~~~~~~~~~~~~~~~~~~~~~~~~~~~~~~~~~~~~~~~~~~~~~~~~~
[00:36:11] DEBUG      35 |
[00:36:11] DEBUG      36 |         auto result = task.get_future();
[00:36:11] DEBUG         |         ~~~~~~~~~~~~~~~~~~~~~~~~~~~~~~~~
[00:36:11] DEBUG      37 |         {
[00:36:11] DEBUG         |         ~
[00:36:11] DEBUG      38 |             std::unique_lock<std::mutex> l(work_mutex);
[00:36:11] DEBUG         |             ~~~~~~~~~~~~~~~~~~~~~~~~~~~~~~~~~~~~~~~~~~~
[00:36:11] DEBUG      39 |             work.emplace_back(std::move(task));
[00:36:11] DEBUG         |             ~~~~~~~~~~~~~~~~~~~~~~~~~~~~~~~~~~~
[00:36:11] DEBUG      40 |         }
[00:36:11] DEBUG         |         ~
[00:36:11] DEBUG      41 |         //start one thread
[00:36:11] DEBUG         |         ~~~~~~~~~~~~~~~~~~
[00:36:11] DEBUG      42 |         task_waker.notify_one();
[00:36:11] DEBUG         |         ~~~~~~~~~~~~~~~~~~~~~~~~
[00:36:11] DEBUG      43 |
[00:36:11] DEBUG      44 |         return result;
[00:36:11] DEBUG         |         ~~~~~~~~~~~~~~
[00:36:11] DEBUG      45 |     }
[00:36:11] DEBUG         |     ~
[00:36:11] DEBUG   /Users/huseyerd/relight-commit-efe5aa/src/brdf/brdftask.cpp:92:9: note: while substituting deduced template arguments into function template 'queue' [with F = std::function<void ()> &, R = (no value)]
[00:36:11] DEBUG      92 |                         pool.queue(run);
[00:36:11] DEBUG         |                              ^
[00:36:11] DEBUG   /Library/Developer/CommandLineTools/SDKs/MacOSX.sdk/usr/include/c++/v1/__type_traits/result_of.h:37:19: note: 'result_of_t' has been explicitly marked deprecated here
[00:36:11] DEBUG      37 | using result_of_t _LIBCPP_DEPRECATED_IN_CXX17 = typename result_of<_Tp>::type;
[00:36:11] DEBUG         |                   ^
[00:36:11] DEBUG   /Library/Developer/CommandLineTools/SDKs/MacOSX.sdk/usr/include/c++/v1/__config:581:41: note: expanded from macro '_LIBCPP_DEPRECATED_IN_CXX17'
[00:36:11] DEBUG     581 | #    define _LIBCPP_DEPRECATED_IN_CXX17 _LIBCPP_DEPRECATED
[00:36:11] DEBUG         |                                         ^
[00:36:11] DEBUG   /Library/Developer/CommandLineTools/SDKs/MacOSX.sdk/usr/include/c++/v1/__config:554:49: note: expanded from macro '_LIBCPP_DEPRECATED'
[00:36:11] DEBUG     554 | #      define _LIBCPP_DEPRECATED __attribute__((__deprecated__))
[00:36:11] DEBUG         |                                                 ^
[00:36:11] DEBUG   /Library/Developer/CommandLineTools/SDKs/MacOSX.sdk/usr/include/c++/v1/__type_traits/result_of.h:25:8: note: 'result_of<std::function<void ()> &()>' has been explicitly marked deprecated here
[00:36:11] DEBUG      25 | struct _LIBCPP_DEPRECATED_IN_CXX17 _LIBCPP_NO_SPECIALIZATIONS result_of;
[00:36:11] DEBUG         |        ^
[00:36:11] DEBUG   /Library/Developer/CommandLineTools/SDKs/MacOSX.sdk/usr/include/c++/v1/__config:581:41: note: expanded from macro '_LIBCPP_DEPRECATED_IN_CXX17'
[00:36:11] DEBUG     581 | #    define _LIBCPP_DEPRECATED_IN_CXX17 _LIBCPP_DEPRECATED
[00:36:11] DEBUG         |                                         ^
[00:36:11] DEBUG   /Library/Developer/CommandLineTools/SDKs/MacOSX.sdk/usr/include/c++/v1/__config:554:49: note: expanded from macro '_LIBCPP_DEPRECATED'
[00:36:11] DEBUG     554 | #      define _LIBCPP_DEPRECATED __attribute__((__deprecated__))
[00:36:11] DEBUG         |                                                 ^
[00:36:11] DEBUG   [ 59%] Building CXX object relightlab/CMakeFiles/relightlab.dir/__/src/colorprofile.cpp.o
[00:36:12] DEBUG   [ 59%] Building CXX object relight-normals/CMakeFiles/relight-normals.dir/__/src/lp.cpp.o
[00:36:12] DEBUG   2 warnings generated.
[00:36:12] DEBUG   [ 59%] Building CXX object relight-cli/CMakeFiles/relight-cli.dir/__/src/brdf/brdfparameters.cpp.o
[00:36:13] DEBUG   [ 59%] Building CXX object relightlab/CMakeFiles/relightlab.dir/__/src/image_decoder.cpp.o
[00:36:13] DEBUG   [ 60%] Building CXX object relightlab/CMakeFiles/relightlab.dir/__/src/jpeg_decoder.cpp.o
[00:36:14] DEBUG   [ 61%] Building CXX object relightlab/CMakeFiles/relightlab.dir/__/src/tiff_decoder.cpp.o
[00:36:14] DEBUG   [ 61%] Building CXX object relightlab/CMakeFiles/relightlab.dir/__/src/png_decoder.cpp.o
[00:36:15] DEBUG   [ 61%] Building CXX object relightlab/CMakeFiles/relightlab.dir/__/src/exr_decoder.cpp.o
[00:36:15] DEBUG   [ 62%] Building C object relightlab/CMakeFiles/relightlab.dir/__/src/miniz.c.o
[00:36:15] DEBUG   [ 62%] Building CXX object relightlab/CMakeFiles/relightlab.dir/__/src/jpeg_encoder.cpp.o
[00:36:16] DEBUG   [ 63%] Building CXX object relight-normals/CMakeFiles/relight-normals.dir/__/src/measure.cpp.o
[00:36:16] DEBUG   [ 64%] Building CXX object relight-cli/CMakeFiles/relight-cli.dir/__/external/assm/SurfaceMesh.cpp.o
[00:36:16] DEBUG   [ 65%] Building CXX object relightlab/CMakeFiles/relightlab.dir/__/src/icc_profiles.cpp.o
[00:36:17] DEBUG   [ 65%] Building CXX object relightlab/CMakeFiles/relightlab.dir/__/src/network/httpserver.cpp.o
[00:36:18] DEBUG   [ 65%] Building CXX object relight-normals/CMakeFiles/relight-normals.dir/__/src/align.cpp.o
[00:36:18] DEBUG   [ 66%] Building CXX object relightlab/CMakeFiles/relightlab.dir/__/src/brdf/brdftask.cpp.o
[00:36:19] DEBUG   In file included from /Users/huseyerd/relight-commit-efe5aa/src/network/httpserver.cpp:2:
[00:36:19] DEBUG   /Users/huseyerd/relight-commit-efe5aa/src/network/httplib.h:2272:42: warning: identifier '_' preceded by whitespace in a literal operator declaration is deprecated [-Wdeprecated-literal-operator]
[00:36:19] DEBUG    2272 | inline constexpr unsigned int operator"" _(const char *s, size_t l) {
[00:36:19] DEBUG         |                               ~~~~~~~~~~~^
[00:36:19] DEBUG         |                               operator""_
[00:36:19] DEBUG   /Users/huseyerd/relight-commit-efe5aa/src/network/httpserver.cpp:31:3: warning: ignoring return value of function declared with 'nodiscard' attribute [-Wunused-result]
[00:36:19] DEBUG      31 |                 file.open(QFile::ReadOnly);
[00:36:19] DEBUG         |                 ^~~~~~~~~ ~~~~~~~~~~~~~~~
[00:36:20] DEBUG   [ 66%] Building CXX object relight-cli/CMakeFiles/relight-cli.dir/__/external/assm/algorithms/DifferentialGeometry.cpp.o
[00:36:20] DEBUG   [ 67%] Building CXX object relight-normals/CMakeFiles/relight-normals.dir/__/src/white.cpp.o
[00:36:20] DEBUG   [ 68%] Building CXX object relight-cli/CMakeFiles/relight-cli.dir/__/external/assm/algorithms/Rasterizer.cpp.o
[00:36:21] DEBUG   [ 68%] Building CXX object relight-normals/CMakeFiles/relight-normals.dir/__/src/rti.cpp.o
[00:36:21] DEBUG   [ 68%] Building CXX object relightlab/CMakeFiles/relightlab.dir/__/src/brdf/brdfparameters.cpp.o
[00:36:21] DEBUG   [ 68%] Building CXX object relight-cli/CMakeFiles/relight-cli.dir/__/external/assm/algorithms/ScreenRemeshing.cpp.o
[00:36:22] DEBUG   [ 69%] Building CXX object relight-normals/CMakeFiles/relight-normals.dir/__/src/legacy_rti.cpp.o
[00:36:22] DEBUG   [ 69%] Building CXX object relight-cli/CMakeFiles/relight-cli.dir/__/external/assm/algorithms/Triangulation.cpp.o
[00:36:22] DEBUG   In file included from /Users/huseyerd/relight-commit-efe5aa/src/brdf/brdftask.cpp:2:
[00:36:22] DEBUG   /Users/huseyerd/relight-commit-efe5aa/relightlab/../src/relight_threadpool.h:31:36: warning: 'result_of_t' is deprecated [-Wdeprecated-declarations]
[00:36:22] DEBUG      31 |     template<class F, class R=std::result_of_t<F&()>>
[00:36:22] DEBUG         |                                    ^
[00:36:22] DEBUG   /Library/Developer/CommandLineTools/SDKs/MacOSX.sdk/usr/include/c++/v1/__type_traits/result_of.h:37:19: note: 'result_of_t' has been explicitly marked deprecated here
[00:36:22] DEBUG      37 | using result_of_t _LIBCPP_DEPRECATED_IN_CXX17 = typename result_of<_Tp>::type;
[00:36:22] DEBUG         |                   ^
[00:36:22] DEBUG   /Library/Developer/CommandLineTools/SDKs/MacOSX.sdk/usr/include/c++/v1/__config:581:41: note: expanded from macro '_LIBCPP_DEPRECATED_IN_CXX17'
[00:36:22] DEBUG     581 | #    define _LIBCPP_DEPRECATED_IN_CXX17 _LIBCPP_DEPRECATED
[00:36:22] DEBUG         |                                         ^
[00:36:22] DEBUG   /Library/Developer/CommandLineTools/SDKs/MacOSX.sdk/usr/include/c++/v1/__config:554:49: note: expanded from macro '_LIBCPP_DEPRECATED'
[00:36:22] DEBUG     554 | #      define _LIBCPP_DEPRECATED __attribute__((__deprecated__))
[00:36:22] DEBUG         |                                                 ^
[00:36:22] DEBUG   In file included from /Users/huseyerd/relight-commit-efe5aa/src/brdf/brdftask.cpp:2:
[00:36:22] DEBUG   /Users/huseyerd/relight-commit-efe5aa/relightlab/../src/relight_threadpool.h:31:36: warning: 'result_of_t' is deprecated [-Wdeprecated-declarations]
[00:36:22] DEBUG      31 |     template<class F, class R=std::result_of_t<F&()>>
[00:36:22] DEBUG         |                                    ^
[00:36:22] DEBUG   /Users/huseyerd/relight-commit-efe5aa/relightlab/../src/relight_threadpool.h:31:36: note: in instantiation of template type alias 'result_of_t' requested here
[00:36:22] DEBUG   /Users/huseyerd/relight-commit-efe5aa/relightlab/../src/relight_threadpool.h:32:20: note: in instantiation of default argument for 'queue<std::function<void ()> &>' required here
[00:36:22] DEBUG      32 |     std::future<R> queue(F&& f) {
[00:36:22] DEBUG         |                    ^~~~~~~~~~~~~~
[00:36:22] DEBUG      33 |
[00:36:22] DEBUG      34 |         std::packaged_task<R()> task(std::forward<F>(f));
[00:36:22] DEBUG         |         ~~~~~~~~~~~~~~~~~~~~~~~~~~~~~~~~~~~~~~~~~~~~~~~~~
[00:36:22] DEBUG      35 |
[00:36:22] DEBUG      36 |         auto result = task.get_future();
[00:36:22] DEBUG         |         ~~~~~~~~~~~~~~~~~~~~~~~~~~~~~~~~
[00:36:22] DEBUG      37 |         {
[00:36:22] DEBUG         |         ~
[00:36:22] DEBUG      38 |             std::unique_lock<std::mutex> l(work_mutex);
[00:36:22] DEBUG         |             ~~~~~~~~~~~~~~~~~~~~~~~~~~~~~~~~~~~~~~~~~~~
[00:36:22] DEBUG      39 |             work.emplace_back(std::move(task));
[00:36:22] DEBUG         |             ~~~~~~~~~~~~~~~~~~~~~~~~~~~~~~~~~~~
[00:36:22] DEBUG      40 |         }
[00:36:22] DEBUG         |         ~
[00:36:22] DEBUG      41 |         //start one thread
[00:36:22] DEBUG         |         ~~~~~~~~~~~~~~~~~~
[00:36:22] DEBUG      42 |         task_waker.notify_one();
[00:36:22] DEBUG         |         ~~~~~~~~~~~~~~~~~~~~~~~~
[00:36:22] DEBUG      43 |
[00:36:22] DEBUG      44 |         return result;
[00:36:22] DEBUG         |         ~~~~~~~~~~~~~~
[00:36:22] DEBUG      45 |     }
[00:36:22] DEBUG         |     ~
[00:36:22] DEBUG   /Users/huseyerd/relight-commit-efe5aa/src/brdf/brdftask.cpp:92:9: note: while substituting deduced template arguments into function template 'queue' [with F = std::function<void ()> &, R = (no value)]
[00:36:22] DEBUG      92 |                         pool.queue(run);
[00:36:22] DEBUG         |                              ^
[00:36:22] DEBUG   /Library/Developer/CommandLineTools/SDKs/MacOSX.sdk/usr/include/c++/v1/__type_traits/result_of.h:37:19: note: 'result_of_t' has been explicitly marked deprecated here
[00:36:22] DEBUG      37 | using result_of_t _LIBCPP_DEPRECATED_IN_CXX17 = typename result_of<_Tp>::type;
[00:36:22] DEBUG         |                   ^
[00:36:22] DEBUG   /Library/Developer/CommandLineTools/SDKs/MacOSX.sdk/usr/include/c++/v1/__config:581:41: note: expanded from macro '_LIBCPP_DEPRECATED_IN_CXX17'
[00:36:22] DEBUG     581 | #    define _LIBCPP_DEPRECATED_IN_CXX17 _LIBCPP_DEPRECATED
[00:36:22] DEBUG         |                                         ^
[00:36:22] DEBUG   /Library/Developer/CommandLineTools/SDKs/MacOSX.sdk/usr/include/c++/v1/__config:554:49: note: expanded from macro '_LIBCPP_DEPRECATED'
[00:36:22] DEBUG     554 | #      define _LIBCPP_DEPRECATED __attribute__((__deprecated__))
[00:36:22] DEBUG         |                                                 ^
[00:36:22] DEBUG   /Library/Developer/CommandLineTools/SDKs/MacOSX.sdk/usr/include/c++/v1/__type_traits/result_of.h:25:8: note: 'result_of<std::function<void ()> &()>' has been explicitly marked deprecated here
[00:36:22] DEBUG      25 | struct _LIBCPP_DEPRECATED_IN_CXX17 _LIBCPP_NO_SPECIALIZATIONS result_of;
[00:36:22] DEBUG         |        ^
[00:36:22] DEBUG   /Library/Developer/CommandLineTools/SDKs/MacOSX.sdk/usr/include/c++/v1/__config:581:41: note: expanded from macro '_LIBCPP_DEPRECATED_IN_CXX17'
[00:36:22] DEBUG     581 | #    define _LIBCPP_DEPRECATED_IN_CXX17 _LIBCPP_DEPRECATED
[00:36:22] DEBUG         |                                         ^
[00:36:22] DEBUG   /Library/Developer/CommandLineTools/SDKs/MacOSX.sdk/usr/include/c++/v1/__config:554:49: note: expanded from macro '_LIBCPP_DEPRECATED'
[00:36:22] DEBUG     554 | #      define _LIBCPP_DEPRECATED __attribute__((__deprecated__))
[00:36:22] DEBUG         |                                                 ^
[00:36:23] DEBUG   2 warnings generated.
[00:36:23] DEBUG   [ 69%] Building CXX object relightlab/CMakeFiles/relightlab.dir/alignframe.cpp.o
[00:36:24] DEBUG   [ 70%] Building CXX object relightlab/CMakeFiles/relightlab.dir/alignpicking.cpp.o
[00:36:24] DEBUG   2 warnings generated.
[00:36:24] DEBUG   [ 70%] Building CXX object relightlab/CMakeFiles/relightlab.dir/alignrow.cpp.o
[00:36:24] DEBUG   [ 70%] Building CXX object relight-normals/CMakeFiles/relight-normals.dir/__/external/assm/SurfaceMesh.cpp.o
[00:36:25] DEBUG   [ 71%] Building CXX object relight-cli/CMakeFiles/relight-cli.dir/__/src/normals/bni_normal_integration.cpp.o
[00:36:25] DEBUG   [ 71%] Building CXX object relight-normals/CMakeFiles/relight-normals.dir/__/external/assm/algorithms/DifferentialGeometry.cpp.o
[00:36:26] DEBUG   [ 72%] Building CXX object relightlab/CMakeFiles/relightlab.dir/canvas.cpp.o
[00:36:27] DEBUG   /Users/huseyerd/relight-commit-efe5aa/src/normals/bni_normal_integration.cpp:180:3: warning: ignoring return value of function declared with 'nodiscard' attribute [-Wunused-result]
[00:36:27] DEBUG     180 |                 file.open(QFile::WriteOnly);
[00:36:27] DEBUG         |                 ^~~~~~~~~ ~~~~~~~~~~~~~~~~
[00:36:27] DEBUG   [ 72%] Building CXX object relightlab/CMakeFiles/relightlab.dir/domepanel.cpp.o
[00:36:28] DEBUG   [ 73%] Building CXX object relight-normals/CMakeFiles/relight-normals.dir/__/external/assm/algorithms/Rasterizer.cpp.o
[00:36:28] DEBUG   [ 74%] Building CXX object relightlab/CMakeFiles/relightlab.dir/lightgeometry.cpp.o
[00:36:28] DEBUG   [ 74%] Building CXX object relight-normals/CMakeFiles/relight-normals.dir/__/external/assm/algorithms/Triangulation.cpp.o
[00:36:29] DEBUG   [ 75%] Building CXX object relight-normals/CMakeFiles/relight-normals.dir/__/external/assm/algorithms/ScreenRemeshing.cpp.o
[00:36:29] DEBUG   [ 75%] Building CXX object relightlab/CMakeFiles/relightlab.dir/mainwindow.cpp.o
[00:36:30] DEBUG   3 warnings generated.
[00:36:30] DEBUG   [ 76%] Building CXX object relightlab/CMakeFiles/relightlab.dir/preferences.cpp.o
[00:36:31] DEBUG   [ 76%] Building CXX object relight-normals/CMakeFiles/relight-normals.dir/relight-normals_autogen/VNU7RW3YIC/qrc_icc_profiles.cpp.o
[00:36:31] DEBUG   [ 76%] Building CXX object relight-cli/CMakeFiles/relight-cli.dir/__/src/normals/fft_normal_integration.cpp.o
[00:36:31] DEBUG   [ 76%] Building CXX object relightlab/CMakeFiles/relightlab.dir/recentprojects.cpp.o
[00:36:32] DEBUG   [ 76%] Building CXX object relightlab/CMakeFiles/relightlab.dir/reflectionview.cpp.o
[00:36:32] DEBUG   1 warning generated.
[00:36:32] DEBUG   [ 77%] Building CXX object relight-cli/CMakeFiles/relight-cli.dir/__/src/normals/fast_gaussian_blur.cpp.o
[00:36:33] DEBUG   [ 77%] Building CXX object relight-cli/CMakeFiles/relight-cli.dir/__/src/normals/flatnormals.cpp.o
[00:36:33] DEBUG   [ 78%] Building CXX object relightlab/CMakeFiles/relightlab.dir/relightapp.cpp.o
[00:36:33] DEBUG   [ 78%] Building CXX object relightlab/CMakeFiles/relightlab.dir/sphererow.cpp.o
[00:36:33] DEBUG   [ 79%] Building CXX object relight-cli/CMakeFiles/relight-cli.dir/__/src/normals/normals_parameters.cpp.o
[00:36:34] DEBUG   [ 80%] Building CXX object relightlab/CMakeFiles/relightlab.dir/tabwidget.cpp.o
[00:36:35] DEBUG   [ 80%] Building CXX object relightlab/CMakeFiles/relightlab.dir/imageframe.cpp.o
[00:36:36] DEBUG   [ 81%] Building CXX object relightlab/CMakeFiles/relightlab.dir/imageview.cpp.o
[00:36:36] DEBUG   [ 81%] Building CXX object relight-cli/CMakeFiles/relight-cli.dir/__/src/normals/normalstask.cpp.o
[00:36:36] DEBUG   /Users/huseyerd/relight-commit-efe5aa/relightlab/relightapp.cpp:51:2: warning: ignoring return value of function declared with 'nodiscard' attribute [-Wunused-result]
[00:36:36] DEBUG      51 |         style.open(QFile::ReadOnly);
[00:36:36] DEBUG         |         ^~~~~~~~~~ ~~~~~~~~~~~~~~~
[00:36:36] DEBUG   [ 81%] Building CXX object relight-cli/CMakeFiles/relight-cli.dir/__/src/normals/normalsworker.cpp.o
[00:36:36] DEBUG   [ 81%] Building CXX object relightlab/CMakeFiles/relightlab.dir/homeframe.cpp.o
[00:36:37] DEBUG   1 warning generated.
[00:36:37] DEBUG   [ 81%] Building CXX object relightlab/CMakeFiles/relightlab.dir/imagelist.cpp.o
[00:36:38] DEBUG   In file included from /Users/huseyerd/relight-commit-efe5aa/src/normals/normalstask.cpp:6:
[00:36:38] DEBUG   /Users/huseyerd/relight-commit-efe5aa/src/normals/../relight_threadpool.h:31:36: warning: 'result_of_t' is deprecated [-Wdeprecated-declarations]
[00:36:38] DEBUG      31 |     template<class F, class R=std::result_of_t<F&()>>
[00:36:38] DEBUG         |                                    ^
[00:36:38] DEBUG   /Library/Developer/CommandLineTools/SDKs/MacOSX.sdk/usr/include/c++/v1/__type_traits/result_of.h:37:19: note: 'result_of_t' has been explicitly marked deprecated here
[00:36:38] DEBUG      37 | using result_of_t _LIBCPP_DEPRECATED_IN_CXX17 = typename result_of<_Tp>::type;
[00:36:38] DEBUG         |                   ^
[00:36:38] DEBUG   /Library/Developer/CommandLineTools/SDKs/MacOSX.sdk/usr/include/c++/v1/__config:581:41: note: expanded from macro '_LIBCPP_DEPRECATED_IN_CXX17'
[00:36:38] DEBUG     581 | #    define _LIBCPP_DEPRECATED_IN_CXX17 _LIBCPP_DEPRECATED
[00:36:38] DEBUG         |                                         ^
[00:36:38] DEBUG   /Library/Developer/CommandLineTools/SDKs/MacOSX.sdk/usr/include/c++/v1/__config:554:49: note: expanded from macro '_LIBCPP_DEPRECATED'
[00:36:38] DEBUG     554 | #      define _LIBCPP_DEPRECATED __attribute__((__deprecated__))
[00:36:38] DEBUG         |                                                 ^
[00:36:39] DEBUG   [ 82%] Building CXX object relightlab/CMakeFiles/relightlab.dir/flowlayout.cpp.o
[00:36:39] DEBUG   [ 82%] Building CXX object relightlab/CMakeFiles/relightlab.dir/imagegrid.cpp.o
[00:36:39] DEBUG   In file included from /Users/huseyerd/relight-commit-efe5aa/src/normals/normalstask.cpp:6:
[00:36:39] DEBUG   /Users/huseyerd/relight-commit-efe5aa/src/normals/../relight_threadpool.h:31:36: warning: 'result_of_t' is deprecated [-Wdeprecated-declarations]
[00:36:39] DEBUG      31 |     template<class F, class R=std::result_of_t<F&()>>
[00:36:39] DEBUG         |                                    ^
[00:36:39] DEBUG   /Users/huseyerd/relight-commit-efe5aa/src/normals/../relight_threadpool.h:31:36: note: in instantiation of template type alias 'result_of_t' requested here
[00:36:39] DEBUG   /Users/huseyerd/relight-commit-efe5aa/src/normals/../relight_threadpool.h:32:20: note: in instantiation of default argument for 'queue<std::function<void ()> &>' required here
[00:36:39] DEBUG      32 |     std::future<R> queue(F&& f) {
[00:36:39] DEBUG         |                    ^~~~~~~~~~~~~~
[00:36:39] DEBUG      33 |
[00:36:39] DEBUG      34 |         std::packaged_task<R()> task(std::forward<F>(f));
[00:36:39] DEBUG         |         ~~~~~~~~~~~~~~~~~~~~~~~~~~~~~~~~~~~~~~~~~~~~~~~~~
[00:36:39] DEBUG      35 |
[00:36:39] DEBUG      36 |         auto result = task.get_future();
[00:36:39] DEBUG         |         ~~~~~~~~~~~~~~~~~~~~~~~~~~~~~~~~
[00:36:39] DEBUG      37 |         {
[00:36:39] DEBUG         |         ~
[00:36:39] DEBUG      38 |             std::unique_lock<std::mutex> l(work_mutex);
[00:36:39] DEBUG         |             ~~~~~~~~~~~~~~~~~~~~~~~~~~~~~~~~~~~~~~~~~~~
[00:36:39] DEBUG      39 |             work.emplace_back(std::move(task));
[00:36:39] DEBUG         |             ~~~~~~~~~~~~~~~~~~~~~~~~~~~~~~~~~~~
[00:36:39] DEBUG      40 |         }
[00:36:39] DEBUG         |         ~
[00:36:39] DEBUG      41 |         //start one thread
[00:36:39] DEBUG         |         ~~~~~~~~~~~~~~~~~~
[00:36:39] DEBUG      42 |         task_waker.notify_one();
[00:36:39] DEBUG         |         ~~~~~~~~~~~~~~~~~~~~~~~~
[00:36:39] DEBUG      43 |
[00:36:39] DEBUG      44 |         return result;
[00:36:39] DEBUG         |         ~~~~~~~~~~~~~~
[00:36:39] DEBUG      45 |     }
[00:36:39] DEBUG         |     ~
[00:36:39] DEBUG   /Users/huseyerd/relight-commit-efe5aa/src/normals/normalstask.cpp:134:9: note: while substituting deduced template arguments into function template 'queue' [with F = std::function<void ()> &, R = (no value)]
[00:36:39] DEBUG     134 |                         pool.queue(run);
[00:36:39] DEBUG         |                              ^
[00:36:39] DEBUG   /Library/Developer/CommandLineTools/SDKs/MacOSX.sdk/usr/include/c++/v1/__type_traits/result_of.h:37:19: note: 'result_of_t' has been explicitly marked deprecated here
[00:36:39] DEBUG      37 | using result_of_t _LIBCPP_DEPRECATED_IN_CXX17 = typename result_of<_Tp>::type;
[00:36:39] DEBUG         |                   ^
[00:36:39] DEBUG   /Library/Developer/CommandLineTools/SDKs/MacOSX.sdk/usr/include/c++/v1/__config:581:41: note: expanded from macro '_LIBCPP_DEPRECATED_IN_CXX17'
[00:36:39] DEBUG     581 | #    define _LIBCPP_DEPRECATED_IN_CXX17 _LIBCPP_DEPRECATED
[00:36:39] DEBUG         |                                         ^
[00:36:39] DEBUG   /Library/Developer/CommandLineTools/SDKs/MacOSX.sdk/usr/include/c++/v1/__config:554:49: note: expanded from macro '_LIBCPP_DEPRECATED'
[00:36:39] DEBUG     554 | #      define _LIBCPP_DEPRECATED __attribute__((__deprecated__))
[00:36:39] DEBUG         |                                                 ^
[00:36:39] DEBUG   /Library/Developer/CommandLineTools/SDKs/MacOSX.sdk/usr/include/c++/v1/__type_traits/result_of.h:25:8: note: 'result_of<std::function<void ()> &()>' has been explicitly marked deprecated here
[00:36:39] DEBUG      25 | struct _LIBCPP_DEPRECATED_IN_CXX17 _LIBCPP_NO_SPECIALIZATIONS result_of;
[00:36:39] DEBUG         |        ^
[00:36:39] DEBUG   /Library/Developer/CommandLineTools/SDKs/MacOSX.sdk/usr/include/c++/v1/__config:581:41: note: expanded from macro '_LIBCPP_DEPRECATED_IN_CXX17'
[00:36:39] DEBUG     581 | #    define _LIBCPP_DEPRECATED_IN_CXX17 _LIBCPP_DEPRECATED
[00:36:39] DEBUG         |                                         ^
[00:36:39] DEBUG   /Library/Developer/CommandLineTools/SDKs/MacOSX.sdk/usr/include/c++/v1/__config:554:49: note: expanded from macro '_LIBCPP_DEPRECATED'
[00:36:39] DEBUG     554 | #      define _LIBCPP_DEPRECATED __attribute__((__deprecated__))
[00:36:39] DEBUG         |                                                 ^
[00:36:39] DEBUG   /Users/huseyerd/relight-commit-efe5aa/relightlab/homeframe.cpp:145:2: warning: ignoring return value of function declared with 'nodiscard' attribute [-Wunused-result]
[00:36:39] DEBUG     145 |         html_file.open(QFile::ReadOnly);
[00:36:39] DEBUG         |         ^~~~~~~~~~~~~~ ~~~~~~~~~~~~~~~
[00:36:39] DEBUG   /Users/huseyerd/relight-commit-efe5aa/relightlab/homeframe.cpp:149:2: warning: ignoring return value of function declared with 'nodiscard' attribute [-Wunused-result]
[00:36:39] DEBUG     149 |         css_file.open(QFile::ReadOnly);
[00:36:39] DEBUG         |         ^~~~~~~~~~~~~ ~~~~~~~~~~~~~~~
[00:36:40] DEBUG   [ 83%] Linking CXX executable relight-normals
[00:36:40] DEBUG   2 warnings generated.
[00:36:40] DEBUG   [ 84%] Building CXX object relightlab/CMakeFiles/relightlab.dir/lightsframe.cpp.o
[00:36:40] DEBUG   ld: warning: building for macOS-11.0, but linking with dylib '/opt/homebrew/opt/jpeg-turbo/lib/libjpeg.8.dylib' which was built for newer version 26.0
[00:36:40] DEBUG   ld: warning: building for macOS-11.0, but linking with dylib '/opt/homebrew/opt/libtiff/lib/libtiff.6.dylib' which was built for newer version 26.0
[00:36:40] DEBUG   ld: warning: building for macOS-11.0, but linking with dylib '/opt/homebrew/opt/libpng/lib/libpng16.16.dylib' which was built for newer version 26.0
[00:36:40] DEBUG   ld: warning: building for macOS-11.0, but linking with dylib '/opt/homebrew/opt/qtbase/lib/QtGui.framework/Versions/A/QtGui' which was built for newer version 14.0
[00:36:40] DEBUG   ld: warning: building for macOS-11.0, but linking with dylib '/opt/homebrew/opt/qtbase/lib/QtConcurrent.framework/Versions/A/QtConcurrent' which was built for newer version 14.0
[00:36:40] DEBUG   ld: warning: building for macOS-11.0, but linking with dylib '/opt/homebrew/opt/little-cms2/lib/liblcms2.2.dylib' which was built for newer version 26.0
[00:36:40] DEBUG   ld: warning: building for macOS-11.0, but linking with dylib '/opt/homebrew/opt/libomp/lib/libomp.dylib' which was built for newer version 26.0
[00:36:40] DEBUG   ld: warning: building for macOS-11.0, but linking with dylib '/opt/homebrew/opt/qtbase/lib/QtCore.framework/Versions/A/QtCore' which was built for newer version 14.0
[00:36:40] DEBUG   [ 84%] Built target relight-normals
[00:36:40] DEBUG   [ 85%] Building CXX object relight-cli/CMakeFiles/relight-cli.dir/__/src/task.cpp.o
[00:36:40] DEBUG   [ 85%] Building CXX object relightlab/CMakeFiles/relightlab.dir/markerdialog.cpp.o
[00:36:42] DEBUG   [ 86%] Building CXX object relightlab/CMakeFiles/relightlab.dir/directionsview.cpp.o
[00:36:42] DEBUG   [ 86%] Building CXX object relight-cli/CMakeFiles/relight-cli.dir/relight-cli_autogen/VNU7RW3YIC/qrc_icc_profiles.cpp.o
[00:36:42] DEBUG   [ 86%] Building CXX object relightlab/CMakeFiles/relightlab.dir/sphereframe.cpp.o
[00:36:42] DEBUG   [ 86%] Building CXX object relightlab/CMakeFiles/relightlab.dir/spherepicking.cpp.o
[00:36:42] DEBUG   [ 87%] Building CXX object relightlab/CMakeFiles/relightlab.dir/verifyview.cpp.o
[00:36:43] DEBUG   [ 87%] Building CXX object relightlab/CMakeFiles/relightlab.dir/verifydialog.cpp.o
[00:36:43] DEBUG   [ 88%] Building CXX object relightlab/CMakeFiles/relightlab.dir/helpbutton.cpp.o
[00:36:45] DEBUG   [ 88%] Building CXX object relightlab/CMakeFiles/relightlab.dir/cropframe.cpp.o
[00:36:45] DEBUG   [ 89%] Building CXX object relightlab/CMakeFiles/relightlab.dir/rtiframe.cpp.o
[00:36:45] DEBUG   [ 89%] Building CXX object relightlab/CMakeFiles/relightlab.dir/rtirecents.cpp.o
[00:36:46] DEBUG   [ 90%] Building CXX object relightlab/CMakeFiles/relightlab.dir/rtiplan.cpp.o
[00:36:46] DEBUG   [ 90%] Building CXX object relightlab/CMakeFiles/relightlab.dir/queueframe.cpp.o
[00:36:46] DEBUG   [ 90%] Building CXX object relightlab/CMakeFiles/relightlab.dir/queueitem.cpp.o
[00:36:47] DEBUG   [ 91%] Building CXX object relightlab/CMakeFiles/relightlab.dir/historytask.cpp.o
[00:36:48] DEBUG   [ 91%] Building CXX object relightlab/CMakeFiles/relightlab.dir/normalsframe.cpp.o
[00:36:49] DEBUG   [ 92%] Building CXX object relightlab/CMakeFiles/relightlab.dir/normalsplan.cpp.o
[00:36:49] DEBUG   [ 92%] Building CXX object relightlab/CMakeFiles/relightlab.dir/planrow.cpp.o
[00:36:49] DEBUG   /Users/huseyerd/relight-commit-efe5aa/relightlab/rtiplan.cpp:357:32: warning: 'stateChanged' is deprecated: Use checkStateChanged() instead [-Wdeprecated-declarations]
[00:36:49] DEBUG     357 |         connect(openlime, &QCheckBox::stateChanged, [this](int state) { this->parameters.openlime = state > 0; });
[00:36:49] DEBUG         |                                       ^
[00:36:49] DEBUG   /opt/homebrew/opt/qt/lib/QtWidgets.framework/Headers/qcheckbox.h:41:19: note: 'stateChanged' has been explicitly marked deprecated here
[00:36:49] DEBUG      41 |     QT_MOC_COMPAT QT_DEPRECATED_VERSION_X_6_9("Use checkStateChanged() instead")
[00:36:49] DEBUG         |                   ^
[00:36:49] DEBUG   /opt/homebrew/opt/qt/lib/QtCore.framework/Headers/qtdeprecationmarkers.h:215:44: note: expanded from macro 'QT_DEPRECATED_VERSION_X_6_9'
[00:36:49] DEBUG     215 | # define QT_DEPRECATED_VERSION_X_6_9(text) QT_DEPRECATED_X(text)
[00:36:49] DEBUG         |                                            ^
[00:36:49] DEBUG   /opt/homebrew/opt/qt/lib/QtCore.framework/Headers/qtdeprecationmarkers.h:31:33: note: expanded from macro 'QT_DEPRECATED_X'
[00:36:49] DEBUG      31 | #  define QT_DEPRECATED_X(text) Q_DECL_DEPRECATED_X(text)
[00:36:49] DEBUG         |                                 ^
[00:36:49] DEBUG   /opt/homebrew/opt/qt/lib/QtCore.framework/Headers/qcompilerdetection.h:1018:36: note: expanded from macro 'Q_DECL_DEPRECATED_X'
[00:36:49] DEBUG    1018 | #  define Q_DECL_DEPRECATED_X(x) [[deprecated(x)]]
[00:36:49] DEBUG         |                                    ^
[00:36:49] DEBUG   2 warnings generated.
[00:36:49] DEBUG   [ 93%] Building CXX object relightlab/CMakeFiles/relightlab.dir/planepicking.cpp.o
[00:36:49] DEBUG   [ 94%] Linking CXX executable relight-cli
[00:36:49] DEBUG   ld: warning: building for macOS-11.0, but linking with dylib '/opt/homebrew/opt/jpeg-turbo/lib/libjpeg.8.dylib' which was built for newer version 26.0
[00:36:49] DEBUG   ld: warning: building for macOS-11.0, but linking with dylib '/opt/homebrew/opt/libtiff/lib/libtiff.6.dylib' which was built for newer version 26.0
[00:36:49] DEBUG   ld: warning: building for macOS-11.0, but linking with dylib '/opt/homebrew/opt/libpng/lib/libpng16.16.dylib' which was built for newer version 26.0
[00:36:49] DEBUG   ld: warning: building for macOS-11.0, but linking with dylib '/opt/homebrew/opt/qtbase/lib/QtGui.framework/Versions/A/QtGui' which was built for newer version 14.0
[00:36:49] DEBUG   ld: warning: building for macOS-11.0, but linking with dylib '/opt/homebrew/opt/qtbase/lib/QtConcurrent.framework/Versions/A/QtConcurrent' which was built for newer version 14.0
[00:36:49] DEBUG   ld: warning: building for macOS-11.0, but linking with dylib '/opt/homebrew/opt/little-cms2/lib/liblcms2.2.dylib' which was built for newer version 26.0
[00:36:49] DEBUG   ld: warning: building for macOS-11.0, but linking with dylib '/opt/homebrew/opt/libomp/lib/libomp.dylib' which was built for newer version 26.0
[00:36:49] DEBUG   ld: warning: building for macOS-11.0, but linking with dylib '/opt/homebrew/opt/qtbase/lib/QtCore.framework/Versions/A/QtCore' which was built for newer version 14.0
[00:36:49] DEBUG   [ 94%] Built target relight-cli
[00:36:49] DEBUG   [ 94%] Building CXX object relightlab/CMakeFiles/relightlab.dir/scaleframe.cpp.o
[00:36:49] DEBUG   [ 94%] Building CXX object relightlab/CMakeFiles/relightlab.dir/imagecropper.cpp.o
[00:36:50] DEBUG   1 warning generated.
[00:36:50] DEBUG   [ 95%] Building CXX object relightlab/CMakeFiles/relightlab.dir/brdfframe.cpp.o
[00:36:50] DEBUG   [ 95%] Building CXX object relightlab/CMakeFiles/relightlab.dir/brdfplan.cpp.o
[00:36:51] DEBUG   [ 96%] Building CXX object relightlab/CMakeFiles/relightlab.dir/convertdialog.cpp.o
[00:36:52] DEBUG   [ 96%] Building CXX object relightlab/CMakeFiles/relightlab.dir/metadataframe.cpp.o
[00:36:52] DEBUG   [ 97%] Building CXX object relightlab/CMakeFiles/relightlab.dir/rdfexport.cpp.o
[00:36:52] DEBUG   [ 97%] Building CXX object relightlab/CMakeFiles/relightlab.dir/__/external/assm/SurfaceMesh.cpp.o
[00:36:53] DEBUG   [ 97%] Building CXX object relightlab/CMakeFiles/relightlab.dir/__/external/assm/algorithms/DifferentialGeometry.cpp.o
[00:36:53] DEBUG   [ 98%] Building CXX object relightlab/CMakeFiles/relightlab.dir/__/external/assm/algorithms/Rasterizer.cpp.o
[00:36:53] DEBUG   [ 98%] Building CXX object relightlab/CMakeFiles/relightlab.dir/__/external/assm/algorithms/ScreenRemeshing.cpp.o
[00:36:53] DEBUG   [ 99%] Building CXX object relightlab/CMakeFiles/relightlab.dir/__/external/assm/algorithms/Triangulation.cpp.o
[00:36:54] DEBUG   [ 99%] Building CXX object relightlab/CMakeFiles/relightlab.dir/relightlab_autogen/EWIEGA46WW/qrc_res.cpp.o
[00:36:54] DEBUG   [100%] Building CXX object relightlab/CMakeFiles/relightlab.dir/relightlab_autogen/VNU7RW3YIC/qrc_icc_profiles.cpp.o
[00:36:59] DEBUG   [100%] Linking CXX executable relightlab.app/Contents/MacOS/relightlab
[00:36:59] DEBUG   ld: warning: building for macOS-11.0, but linking with dylib '/opt/homebrew/opt/jpeg-turbo/lib/libjpeg.8.dylib' which was built for newer version 26.0
[00:36:59] DEBUG   ld: warning: building for macOS-11.0, but linking with dylib '/opt/homebrew/opt/libtiff/lib/libtiff.6.dylib' which was built for newer version 26.0
[00:36:59] DEBUG   ld: warning: building for macOS-11.0, but linking with dylib '/opt/homebrew/opt/libpng/lib/libpng16.16.dylib' which was built for newer version 26.0
[00:36:59] DEBUG   ld: warning: building for macOS-11.0, but linking with dylib '/opt/homebrew/opt/qtbase/lib/QtWidgets.framework/Versions/A/QtWidgets' which was built for newer version 14.0
[00:36:59] DEBUG   ld: warning: building for macOS-11.0, but linking with dylib '/opt/homebrew/opt/qtbase/lib/QtConcurrent.framework/Versions/A/QtConcurrent' which was built for newer version 14.0
[00:36:59] DEBUG   ld: warning: building for macOS-11.0, but linking with dylib '/opt/homebrew/opt/qtbase/lib/QtXml.framework/Versions/A/QtXml' which was built for newer version 14.0
[00:36:59] DEBUG   ld: warning: building for macOS-11.0, but linking with dylib '/opt/homebrew/opt/qtsvg/lib/QtSvg.framework/Versions/A/QtSvg' which was built for newer version 26.0
[00:36:59] DEBUG   ld: warning: building for macOS-11.0, but linking with dylib '/opt/homebrew/opt/little-cms2/lib/liblcms2.2.dylib' which was built for newer version 26.0
[00:36:59] DEBUG   ld: warning: building for macOS-11.0, but linking with dylib '/opt/homebrew/opt/libomp/lib/libomp.dylib' which was built for newer version 26.0
[00:36:59] DEBUG   ld: warning: building for macOS-11.0, but linking with dylib '/opt/homebrew/opt/qtbase/lib/QtGui.framework/Versions/A/QtGui' which was built for newer version 14.0
[00:36:59] DEBUG   ld: warning: building for macOS-11.0, but linking with dylib '/opt/homebrew/opt/qtbase/lib/QtCore.framework/Versions/A/QtCore' which was built for newer version 14.0
[00:36:59] DEBUG   [100%] Built target relightlab
[00:36:59] INFO    make: OK
[00:36:59] INFO    RelightLab: /Users/huseyerd/relight-commit-efe5aa/build/relightlab/relightlab.app
[00:36:59] INFO    relight-cli: /Users/huseyerd/relight-commit-efe5aa/build/relight-cli/relight-cli
